MPASM  5.51                         COMPA.ASM   8-31-2017  19:35:03         PAGE  1


LOC  OBJECT CODE     LINE SOURCE TEXT
  VALUE

                      00001 ;------------------------------------------------------------------------------
                      00002 ;         Ejemplos de Evaluación de Condiciones
                      00003 ; Esta parte es relevante para compender el diseño de las estructuras que 
                      00004 ; modifican el flujo de control de ejecución de una aplicación.
                      00005 ; 
                      00006 ; Las principales estructuras son: 
                      00007 ; "If - Then - Else"
                      00008 ; "Do - While"
                      00009 ; "Do - Until"
                      00010 ; "For - Índice, Hasta, Actualización"
                      00011 ; "Switch - Case - Else case" (ó "Select - Case - Else Case")
                      00012 ; En esta práctica se presentan varias alternativas para resolver lo anterior.
                      00013 ; STATUS = IRP - RP1 - RP0 - T0  - PD  - Z  - DC  - C
                      00014 ;==============================================================================
                      00015 ;-----[ AJUSTES ]-----
                      00016   LIST  P = PIC16F877                   ; Identificación del uC en donde se ensamblará.
                      00017   #INCLUDE      P16F877.INC             ; Se usarán las variables de Microchip
                      00001         LIST
                      00002 
                      00003 ;==========================================================================
                      00004 ;  MPASM PIC16F877 processor include
                      00005 ; 
                      00006 ;  (c) Copyright 1999-2013 Microchip Technology, All rights reserved
                      00007 ;==========================================================================
                      00008 
                      00540         LIST
                      00018   RADIX                 HEX                                             ; La base numérica es Hexadecima
                            l por omisión
                      00019 ;==============================================================================
                      00020 ;-----[ MACROS que se van a Construir y para Experimentar ]-----
                      00021 ;-----[ Macro Load ]-----
                      00022 ; Carga un valor en una variables
                      00023 Load    MACRO   Var,Valor
                      00024         movlw   Valor   ; Toma el valor de la literal
                      00025         movwf   Var     ; Trasládalo a la FSR, puede ser un Puerto, Variable, Etc.
                      00026         ENDM
                      00027         ; Alias para el MACRO anterior:
                      00028         #DEFINE Carga Load
                      00029 ;-----------------------------------------------------------------------------
                      00030 ;-----[ Variables, Apuntadores, Contadores y Otras Cosas ]-----
                      00031 ;
                      00032 ; La zona de memoria disponible para el usuario es de 0x20 - 0x7F 
                      00033 ; en el BANCO "0". Recuerde que de la localida 0x70 a la 0x7F se crea un
                      00034 ; "espejo" en relación al BANCO "1", BANCO "2" y BANCO "3".
                      00035 ;-->
                      00036 ; ¿Cuáles son las localidades absolutas de las "localidades espejo" en los
                      00037 ; Bancos 1, 2, y 3?
                      00038 ;<--
                      00039 
                      00040         CBLOCK  0x20  ; Zona principal de Variables. Banco "0"
  00000020            00041                 Reg1                            ; Registro No. 1
  00000021            00042                 Reg2                            ; Registro No. 2
  00000022            00043                 Reg3                            ; Registro No. 3
MPASM  5.51                         COMPA.ASM   8-31-2017  19:35:03         PAGE  2


LOC  OBJECT CODE     LINE SOURCE TEXT
  VALUE

                      00044                 
  00000023            00045                 VarX
  00000024            00046                 VarY
  00000025            00047                 VarZ
                      00048                 
  00000026            00049                 Estado      ; Identifica el estado en que se encuentra la Aplicación.
  00000027            00050                 Concluye                ; ¿Se Terminó la Aplicación?
  00000028            00051                 Otra
                      00052         ENDC
                      00053 ;==============================================================================
                      00054         
0000                  00055         ORG     0x00
                      00056 
  00000000            00057 OK                              EQU             0x00    ; Todo Bien
  00000033            00058 Inicio          EQU             0x33    ; Se INICIÓ la aplicación.      
  00000000            00059 PasoThen        EQU             0x00    ; Valor para cuando pasa por la opción THEN.
  000000FF            00060 PasoElse        EQU   0xFF  ; Valor para cuando pasa por la opción ELSE.
  000000AA            00061 LlegoFin        EQU   0xAA  ; Se terminó el CICLO.
  00000055            00062 Proceso         EQU   0x55  ; Está en etapa de PROCESAMIENTO.
                      00063 
  00000000            00064 K0              EQU   .0                ; Valores para pruebas
  0000000A            00065 K10             EQU   .10
  00000014            00066 K20             EQU   .20
  00000032            00067 K50                             EQU             .50
                      00068 
                      00069 ;--------------------------
                      00070 ; Prueba para Reg1 > Reg2
                      00071 ;--------------------------
                      00072         Load    Estado, Inicio          ; ESTADO =  0x33
0000   3033               M         movlw   Inicio  ; Toma el valor de la literal
0001   00A6               M         movwf   Estado  ; Trasládalo a la FSR, puede ser un Puerto, Variable, Etc.
                      00073         Load    Concluye, Inicio        ; CONCLUYE = 0x33
0002   3033               M         movlw   Inicio  ; Toma el valor de la literal
0003   00A7               M         movwf   Concluye ; Trasládalo a la FSR, puede ser un Puerto, Variable, Etc.
                      00074         
                      00075         Load  Reg1, .234                        ; Valores inciales para una prueba
0004   30EA               M         movlw   .234    ; Toma el valor de la literal
0005   00A0               M         movwf   Reg1    ; Trasládalo a la FSR, puede ser un Puerto, Variable, Etc.
                      00076         Load    Reg2, .23                       ;
0006   3017               M         movlw   .23     ; Toma el valor de la literal
0007   00A1               M         movwf   Reg2    ; Trasládalo a la FSR, puede ser un Puerto, Variable, Etc.
                      00077         
                      00078 ;-----[ ENSAYO Reg1 > Reg2 ]-----       
0008   0820           00079         movf    Reg1, W                                 ; Primer parámetro, el contenido de Reg1
Message[305]: Using default destination of 1 (file).
0009   02A1           00080         subwf   Reg2                                            ; Calcula: [Reg2 - Reg1]
000A   1C03           00081         btfss   STATUS, C                               ;
000B   280F           00082         goto    ZonaThen                                ; Salta a la condición de VERDADERO
000C                  00083 ZonaElse:
                      00084         Load    Estado, PasoElse        ; Zona de FALSO (Ajusta a 0xFF)
000C   30FF               M         movlw   PasoElse ; Toma el valor de la literal
000D   00A6               M         movwf   Estado  ; Trasládalo a la FSR, puede ser un Puerto, Variable, Etc.
000E   2811           00085         goto    FinAeqB                                         ; Termina
MPASM  5.51                         COMPA.ASM   8-31-2017  19:35:03         PAGE  3


LOC  OBJECT CODE     LINE SOURCE TEXT
  VALUE

                      00086 
000F                  00087 ZonaThen:
                      00088         Load    Estado, PasoThen        ; Zona de VERDADERO (Ajusta a 0x00)
000F   3000               M         movlw   PasoThen ; Toma el valor de la literal
0010   00A6               M         movwf   Estado  ; Trasládalo a la FSR, puede ser un Puerto, Variable, Etc.
                      00089                                                                                                         
                            ; Termina
0011                  00090 FinAeqB:
                      00091         Load    Concluye, OK                    ; Señala que terminó el proceso
0011   3000               M         movlw   OK      ; Toma el valor de la literal
0012   00A7               M         movwf   Concluye ; Trasládalo a la FSR, puede ser un Puerto, Variable, Etc.
                      00092         
                      00093 ;-=-=-=-=-=-=-=-=-=-=-=-=-=-=-=-=-=-=-=-=-=-=-=-=-=-=-=-=-=-=-=-=-=-=-=-=-=-=-= 
0013   0063           00094         sleep
                      00095 ;-=-=-=-=-=-=-=-=-=-=-=-=-=-=-=-=-=-=-=-=-=-=-=-=-=-=-=-=-=-=-=-=-=-=-=-=-=-=-=
                      00096         END
MPASM  5.51                         COMPA.ASM   8-31-2017  19:35:03         PAGE  4


SYMBOL TABLE
  LABEL                             VALUE 

ACKDT                             00000005
ACKEN                             00000004
ACKSTAT                           00000006
ADCON0                            0000001F
ADCON1                            0000009F
ADCS0                             00000006
ADCS1                             00000007
ADDEN                             00000003
ADFM                              00000007
ADIE                              00000006
ADIF                              00000006
ADON                              00000000
ADRESH                            0000001E
ADRESL                            0000009E
BCLIE                             00000003
BCLIF                             00000003
BF                                00000000
BRGH                              00000002
C                                 00000000
CCP1CON                           00000017
CCP1IE                            00000002
CCP1IF                            00000002
CCP1M0                            00000000
CCP1M1                            00000001
CCP1M2                            00000002
CCP1M3                            00000003
CCP1X                             00000005
CCP1Y                             00000004
CCP2CON                           0000001D
CCP2IE                            00000000
CCP2IF                            00000000
CCP2M0                            00000000
CCP2M1                            00000001
CCP2M2                            00000002
CCP2M3                            00000003
CCP2X                             00000005
CCP2Y                             00000004
CCPR1                             00000015
CCPR1H                            00000016
CCPR1L                            00000015
CCPR2                             0000001B
CCPR2H                            0000001C
CCPR2L                            0000001B
CHS0                              00000003
CHS1                              00000004
CHS2                              00000005
CKE                               00000006
CKP                               00000004
CREN                              00000004
CSRC                              00000007
Carga                             Load
Concluye                          00000027
D                                 00000005
MPASM  5.51                         COMPA.ASM   8-31-2017  19:35:03         PAGE  5


SYMBOL TABLE
  LABEL                             VALUE 

DATA_ADDRESS                      00000005
DC                                00000001
D_A                               00000005
D_NOT_A                           00000005
EEADR                             0000010D
EEADRH                            0000010F
EECON1                            0000018C
EECON2                            0000018D
EEDATA                            0000010C
EEDATH                            0000010E
EEIE                              00000004
EEIF                              00000004
EEPGD                             00000007
Estado                            00000026
F                                 00000001
FERR                              00000002
FSR                               00000004
FinAeqB                           00000011
GCEN                              00000007
GIE                               00000007
GO                                00000002
GO_DONE                           00000002
GO_NOT_DONE                       00000002
I2C_DATA                          00000005
I2C_READ                          00000002
I2C_START                         00000003
I2C_STOP                          00000004
IBF                               00000007
IBOV                              00000005
INDF                              00000000
INTCON                            0000000B
INTE                              00000004
INTEDG                            00000006
INTF                              00000001
IRP                               00000007
Inicio                            00000033
K0                                00000000
K10                               0000000A
K20                               00000014
K50                               00000032
LlegoFin                          000000AA
Load                              
NOT_A                             00000005
NOT_ADDRESS                       00000005
NOT_BO                            00000000
NOT_BOR                           00000000
NOT_DONE                          00000002
NOT_PD                            00000003
NOT_POR                           00000001
NOT_RBPU                          00000007
NOT_RC8                           00000006
NOT_T1SYNC                        00000002
NOT_TO                            00000004
MPASM  5.51                         COMPA.ASM   8-31-2017  19:35:03         PAGE  6


SYMBOL TABLE
  LABEL                             VALUE 

NOT_TX8                           00000006
NOT_W                             00000002
NOT_WRITE                         00000002
OBF                               00000006
OERR                              00000001
OK                                00000000
OPTION_REG                        00000081
Otra                              00000028
P                                 00000004
PCFG0                             00000000
PCFG1                             00000001
PCFG2                             00000002
PCFG3                             00000003
PCL                               00000002
PCLATH                            0000000A
PCON                              0000008E
PEIE                              00000006
PEN                               00000002
PIE1                              0000008C
PIE2                              0000008D
PIR1                              0000000C
PIR2                              0000000D
PORTA                             00000005
PORTB                             00000006
PORTC                             00000007
PORTD                             00000008
PORTE                             00000009
PR2                               00000092
PS0                               00000000
PS1                               00000001
PS2                               00000002
PSA                               00000003
PSPIE                             00000007
PSPIF                             00000007
PSPMODE                           00000004
PasoElse                          000000FF
PasoThen                          00000000
Proceso                           00000055
R                                 00000002
RA0                               00000000
RA1                               00000001
RA2                               00000002
RA3                               00000003
RA4                               00000004
RA5                               00000005
RB0                               00000000
RB1                               00000001
RB2                               00000002
RB3                               00000003
RB4                               00000004
RB5                               00000005
RB6                               00000006
RB7                               00000007
MPASM  5.51                         COMPA.ASM   8-31-2017  19:35:03         PAGE  7


SYMBOL TABLE
  LABEL                             VALUE 

RBIE                              00000003
RBIF                              00000000
RC0                               00000000
RC1                               00000001
RC2                               00000002
RC3                               00000003
RC4                               00000004
RC5                               00000005
RC6                               00000006
RC7                               00000007
RC8_9                             00000006
RC9                               00000006
RCD8                              00000000
RCEN                              00000003
RCIE                              00000005
RCIF                              00000005
RCREG                             0000001A
RCSTA                             00000018
RD                                00000000
RD0                               00000000
RD1                               00000001
RD2                               00000002
RD3                               00000003
RD4                               00000004
RD5                               00000005
RD6                               00000006
RD7                               00000007
RE0                               00000000
RE1                               00000001
RE2                               00000002
READ_WRITE                        00000002
RP0                               00000005
RP1                               00000006
RSEN                              00000001
RX9                               00000006
RX9D                              00000000
R_NOT_W                           00000002
R_W                               00000002
Reg1                              00000020
Reg2                              00000021
Reg3                              00000022
S                                 00000003
SEN                               00000000
SMP                               00000007
SPBRG                             00000099
SPEN                              00000007
SREN                              00000005
SSPADD                            00000093
SSPBUF                            00000013
SSPCON                            00000014
SSPCON2                           00000091
SSPEN                             00000005
SSPIE                             00000003
MPASM  5.51                         COMPA.ASM   8-31-2017  19:35:03         PAGE  8


SYMBOL TABLE
  LABEL                             VALUE 

SSPIF                             00000003
SSPM0                             00000000
SSPM1                             00000001
SSPM2                             00000002
SSPM3                             00000003
SSPOV                             00000006
SSPSTAT                           00000094
STATUS                            00000003
SYNC                              00000004
T0CS                              00000005
T0IE                              00000005
T0IF                              00000002
T0SE                              00000004
T1CKPS0                           00000004
T1CKPS1                           00000005
T1CON                             00000010
T1INSYNC                          00000002
T1OSCEN                           00000003
T1SYNC                            00000002
T2CKPS0                           00000000
T2CKPS1                           00000001
T2CON                             00000012
TMR0                              00000001
TMR0IE                            00000005
TMR0IF                            00000002
TMR1                              0000000E
TMR1CS                            00000001
TMR1H                             0000000F
TMR1IE                            00000000
TMR1IF                            00000000
TMR1L                             0000000E
TMR1ON                            00000000
TMR2                              00000011
TMR2IE                            00000001
TMR2IF                            00000001
TMR2ON                            00000002
TOUTPS0                           00000003
TOUTPS1                           00000004
TOUTPS2                           00000005
TOUTPS3                           00000006
TRISA                             00000085
TRISA0                            00000000
TRISA1                            00000001
TRISA2                            00000002
TRISA3                            00000003
TRISA4                            00000004
TRISA5                            00000005
TRISB                             00000086
TRISB0                            00000000
TRISB1                            00000001
TRISB2                            00000002
TRISB3                            00000003
TRISB4                            00000004
MPASM  5.51                         COMPA.ASM   8-31-2017  19:35:03         PAGE  9


SYMBOL TABLE
  LABEL                             VALUE 

TRISB5                            00000005
TRISB6                            00000006
TRISB7                            00000007
TRISC                             00000087
TRISC0                            00000000
TRISC1                            00000001
TRISC2                            00000002
TRISC3                            00000003
TRISC4                            00000004
TRISC5                            00000005
TRISC6                            00000006
TRISC7                            00000007
TRISD                             00000088
TRISD0                            00000000
TRISD1                            00000001
TRISD2                            00000002
TRISD3                            00000003
TRISD4                            00000004
TRISD5                            00000005
TRISD6                            00000006
TRISD7                            00000007
TRISE                             00000089
TRISE0                            00000000
TRISE1                            00000001
TRISE2                            00000002
TRMT                              00000001
TX8_9                             00000006
TX9                               00000006
TX9D                              00000000
TXD8                              00000000
TXEN                              00000005
TXIE                              00000004
TXIF                              00000004
TXREG                             00000019
TXSTA                             00000098
UA                                00000001
VarX                              00000023
VarY                              00000024
VarZ                              00000025
W                                 00000000
WCOL                              00000007
WR                                00000001
WREN                              00000002
WRERR                             00000003
Z                                 00000002
ZonaElse                          0000000C
ZonaThen                          0000000F
_BODEN_OFF                        00003FBF
_BODEN_ON                         00003FFF
_BOREN_OFF                        00003FBF
_BOREN_ON                         00003FFF
_CONFIG                           00002007
_CPD_OFF                          00003FFF
MPASM  5.51                         COMPA.ASM   8-31-2017  19:35:03         PAGE 10


SYMBOL TABLE
  LABEL                             VALUE 

_CPD_ON                           00003EFF
_CP_ALL                           00000FCF
_CP_HALF                          00001FDF
_CP_OFF                           00003FFF
_CP_UPPER_256                     00002FEF
_DEBUG_OFF                        00003FFF
_DEBUG_ON                         000037FF
_DEVID1                           00002006
_FOSC_EXTRC                       00003FFF
_FOSC_HS                          00003FFE
_FOSC_LP                          00003FFC
_FOSC_XT                          00003FFD
_HS_OSC                           00003FFE
_IDLOC0                           00002000
_IDLOC1                           00002001
_IDLOC2                           00002002
_IDLOC3                           00002003
_LP_OSC                           00003FFC
_LVP_OFF                          00003F7F
_LVP_ON                           00003FFF
_PWRTE_OFF                        00003FFF
_PWRTE_ON                         00003FF7
_RC_OSC                           00003FFF
_WDTE_OFF                         00003FFB
_WDTE_ON                          00003FFF
_WDT_OFF                          00003FFB
_WDT_ON                           00003FFF
_WRT_ENABLE_OFF                   00003DFF
_WRT_ENABLE_ON                    00003FFF
_WRT_OFF                          00003DFF
_WRT_ON                           00003FFF
_XT_OSC                           00003FFD
__16F877                          00000001
__DEBUG                           1


MEMORY USAGE MAP ('X' = Used,  '-' = Unused)

0000 : XXXXXXXXXXXXXXXX XXXX------------ ---------------- ----------------

All other memory blocks unused.

Program Memory Words Used:    20
Program Memory Words Free:  8172


Errors   :     0
Warnings :     0 reported,     0 suppressed
Messages :     1 reported,     0 suppressed

