MPASM  5.51                          BASE.ASM   9-27-2017  7:49:48         PAGE  1


LOC  OBJECT CODE     LINE SOURCE TEXT
  VALUE

                      00001 ;==================================================================================================
                      00002 ;       Programa de Ensayo para ejecutar las instrucciones del uC.
                      00003 ;
                      00004 ; NOTAS:
                      00005 ; 1. Ejercite todas y cada una de las instrucciones del uC, tal como están mostradas en la 
                      00006 ; presentación ("Conjunto Instrucciones PIC16F877. [SFHM].pdf"). Verifique el significado de cada 
                      00007 ; elemento de la instrucción leyendo en el manual del dispositivo 
                      00008 ; ("Manual PIC16F877 Comentado (SFHM).pdf").
                      00009 ; 
                      00010 ; 2. Verifique lo que sucede con las instrucciones observando la simulación en Proteus.
                      00011 ;
                      00012 ; 3. Verifique lo que sucede en los registros, memoria y recursos del uC al ejecutar cada 
                      00013 ; instrucción empleando el simulador de MPLAB.
                      00014 ;
                      00015 ; 4. Incluya TODAS las Directivas del lenguaje ensamblador en este segmento de código, explique lo 
                      00016 ; que hace cada directiva con líneas de comentarios
                      00017 ;==================================================================================================
                      00018 ;-----[ AJUSTES ]-----
                      00019   LIST  P = PIC16F877                   ; Identificación del uC en donde se ensamblará.
                      00020   #INCLUDE      P16f877.INC             ; Se usarán las variables de Microchip
                      00001         LIST
                      00002 
                      00003 ;==========================================================================
                      00004 ;  MPASM PIC16F877 processor include
                      00005 ; 
                      00006 ;  (c) Copyright 1999-2013 Microchip Technology, All rights reserved
                      00007 ;==========================================================================
                      00008 
Message[301]: MESSAGE: (Processor-header file mismatch.  Verify selected processor.)
                      00540         LIST
                      00021   RADIX                 Hex                                             ; La base numérica es Hexadecima
                            l por omisión
                      00022   
                      00023 ;==================================================================================================
                      00024 ;-----[ Etiquetas de Identificadores ]-----
  00000000            00025 OK:                       EQU                   0x00      ; Identifica que "Todo está bien".
  00000000            00026 TIPO_uC:        EQU                     0x00            ; Tipo de uControlador.
                      00027 
                      00028 ;==================================================================================================
                      00029 ;-----[ Variables ]-----
  00000020            00030 Temp0:    EQU     0x20    ; Variable que alojará distintos parámetros. Primera localidad
  00000021            00031 Temp1:    EQU     0x21
  00000022            00032 Temp2:    EQU     0x22
                      00033 
                      00034 ;==================================================================================================
                      00035 ;----[ INICIO de CÓDIGO  y de ATENCIÓN a INTERRUPCIONES ]----
                      00036 
0000                  00037 Entrada_RESET:
0000                  00038   ORG 0x00                                        ; Inicio de ejecución de la aplicación.
                      00039                                 
0000   3000           00040   movlw HIGH Inicio       ; Verificar en cuál página se encuentra la rutina principal.
0001   008A           00041   movwf PCLATH                    ; Carga PCLATH.
0002   2807           00042   goto  Inicio                    ;
MPASM  5.51                          BASE.ASM   9-27-2017  7:49:48         PAGE  2


LOC  OBJECT CODE     LINE SOURCE TEXT
  VALUE

                      00043 ;-----                                                          
0003                  00044 INTERRUPCIONES:         
0004                  00045   ORG 0x04                                        ; Atención a interrupciones.
                      00046                                 
0004   3000           00047   movlw HIGH ISR                  ; Vector de atención a interrupciones.
0005   008A           00048   movwf PCLATH                    ; Asegura que es la dirección adecuada (página).
0006   281F           00049   goto  ISR                                       ; 
                      00050 ;==================================================================================================
                      00051 ;-----[ INICIO del CÓDIGO PRINCIPAL ]-----
0007                  00052 Inicio:                 
0007   1683           00053   bsf           STATUS, RP0       ; Pasamos al BANCO "1"
0008   1303           00054   bcf   STATUS, RP1   ; (Se ajusta la selección del BANCO de FSR)
                      00055 ;-----                          
                      00056                       ; AJUSTE de las terminales (pines) de PORTD. "0" -> Salidas, "1" -> Entradas
0009   3000           00057   movlw b'00000000'             ; Todas las terminales del Puerto "D"
Message[302]: Register in operand not in bank 0.  Ensure that bank bits are correct.
000A   0088           00058   movwf TRISD                             ; Estarán como Salidas.
                      00059   
000B   300F           00060   movlw b'00001111'             ; Salidas <b7:b4> y Entradas <b3:b0> para
Message[302]: Register in operand not in bank 0.  Ensure that bank bits are correct.
000C   0086           00061   movwf TRISB                                   ; Puerto "B"
                      00062 ;-----                          
000D   1283           00063         bcf             STATUS, RP0       ; Ahora regresamos al BANCO "0"
000E   1303           00064         bcf   STATUS, RP1
                      00065 ;-----                          
                      00066 
000F                  00067 Repite:
                      00068 
000F   1806           00069         btfsc   PORTB,0                         ; ¿Está oprimida (En "0") la terminal "0" del Puerto "B"
                            ?
0010   2814           00070         goto  NoOprimida                ; NO estaba oprimida, estaba en "1"
                      00071         
0011                  00072 SiOprimida:
0011   30FF           00073   movlw b'11111111'       ; Ilumina...
0012   0088           00074         movwf   PORTD                             ; 
0013   2816           00075         goto    Procesa                         ; Continúa con el proceso...
                      00076         
0014                  00077 NoOprimida:
0014   3000           00078         movlw   b'00000000'             ; Apaga...
0015   0088           00079         movwf   PORTD                                   ;
                      00080         
                      00081 ;-----
0016                  00082 Procesa:
                      00083 
0016   280F           00084         goto    Repite
                      00085 
                      00086 ;------------------------------------------------------------------------------ 
                      00087         
                      00088                                 
0017   3000           00089         movlw b'00000000'
0018   0088           00090         movwf PORTD
                      00091 ;-----
0019   2032           00092         call  D100          ; Retardo de 100 milisegundos
MPASM  5.51                          BASE.ASM   9-27-2017  7:49:48         PAGE  3


LOC  OBJECT CODE     LINE SOURCE TEXT
  VALUE

001A   2032           00093         call  D100
001B   2032           00094         call  D100
001C   2032           00095         call  D100
001D   2032           00096         call  D100
                      00097 ;-----                          
001E   280F           00098   goto  Repite                          
                      00099 ;-----
                      00100 ;=-=-=-=-=-=-=-=-=-=-=-=-=-=-=-=-=-=-=-=-=-=-=-=-=-=-=-=-=-=-=-=-=-=-=-=-=-=-=-=-=-=-=-=-=-=-=-=-=-
001F                  00101 ISR:
001F   0009           00102         retfie            ; Regresa de la atención a la interrupción.
                      00103 ;=-=-=-=-=-=-=-=-=-=-=-=-=-=-=-=-=-=-=-=-=-=-=-=-=-=-=-=-=-=-=-=-=-=-=-=-=-=-=-=-=-=-=-=-=-=-=-=-=-
                      00104   #INCLUDE "R.asm"  ; Subrutinas con los "Retardos de Tiempo"
                      00001 ;  Este archivo contiene subrutinas que podrán ser empleadas por otros programas.
                      00002 ;  Para poder usar estas subrutinas se debe incluir este archivo en el programa que
                      00003 ; les invoque, se emplea la directiva INCLUDE.
                      00004 ;
                      00005 ; Se sugiere que este archivo sea inluido al final del código que se esté ensayando.
                      00006 ;
                      00007 ; Las siguientes rutina generan retardos de 1, 10, 100 y 500 milisegundos.
                      00008 ;
                      00009 ;       D1: 1 milisegundo                       --> (0.0010002 s)
                      00010 ;       D10: 10 milisegundos            --> (0.0100006 s)
                      00011 ;       D100: 100 milisegundos          --> (0.1000004 s)
                      00012 ;       D500: 500 milisegundos          --> (0.5000006 s)
                      00013 ;       
                      00014 ; Los valores calculados son para Osc = 20.000000 MHz
                      00015 ;------------------------------------------------------------------------------
                      00016 ;       Habrá que dar de alta variables TEMPORALES. Para esto se igualan a
                      00017 ; variables temporales que se hubieran definido GLOBALMENTE.
                      00018 
  00000020            00019 CntA    EQU             Temp0
  00000021            00020 CntB    EQU             Temp1
  00000022            00021 CntC    EQU             Temp2
                      00022 
                      00023 ;------------------------------------------------------------------------------
                      00024 
0020                  00025 D1:
0020   3007           00026                 movlw   D'7'
0021   00A1           00027                 movwf   CntB
                      00028 
0022   307C           00029                 movlw   D'124'
0023   00A0           00030                 movwf   CntA
0024                  00031 D1_1:
0024   0BA0           00032                 decfsz  CntA, f
0025   2824           00033                 goto    D1_1
0026   0BA1           00034                 decfsz  CntB,1
0027   2824           00035                 goto    D1_1
                      00036         
0028   3400           00037                 retlw   0
                      00038 ;------------------------------------------------------------------------------
                      00039 
0029                  00040 D10:
0029   3041           00041                 movlw   D'65'
MPASM  5.51                          BASE.ASM   9-27-2017  7:49:48         PAGE  4


LOC  OBJECT CODE     LINE SOURCE TEXT
  VALUE

002A   00A1           00042                 movwf   CntB
                      00043 
002B   30EE           00044                 movlw   D'238'
002C   00A0           00045                 movwf   CntA
002D                  00046 D10_1:
002D   0BA0           00047                 decfsz  CntA, f
002E   282D           00048                 goto    D10_1
002F   0BA1           00049                 decfsz  CntB, f
0030   282D           00050                 goto    D10_1
                      00051         
0031   3400           00052                 retlw   0
                      00053 
                      00054 ;------------------------------------------------------------------------------
                      00055 
0032                  00056 D100:
                      00057                 ;PIC Time Delay = 0.1000004 s with Osc = 20.000000 MHz
0032   3003           00058                 movlw   D'3'
0033   00A2           00059                 movwf   CntC
                      00060 
0034   308C           00061                 movlw   D'140'
0035   00A1           00062                 movwf   CntB
                      00063 
0036   3053           00064                 movlw   D'83'
0037   00A0           00065                 movwf   CntA
0038                  00066 D100_1:
0038   0BA0           00067                 decfsz  CntA, f
0039   2838           00068                 goto    D100_1
003A   0BA1           00069                 decfsz  CntB, f
003B   2838           00070                 goto    D100_1
003C   0BA2           00071                 decfsz  CntC, f
003D   2838           00072                 goto    D100_1
                      00073         
003E   3400           00074                 retlw   0
                      00075 
                      00076 ;------------------------------------------------------------------------------
                      00077 
                      00078 
003F                  00079 D500:
003F   300D           00080                 movlw   D'13'
0040   00A2           00081                 movwf   CntC
                      00082 
0041   30BB           00083                 movlw   D'187'
0042   00A1           00084                 movwf   CntB
                      00085 
0043   30AA           00086                 movlw   D'170'
0044   00A0           00087                 movwf   CntA
0045                  00088 D500_1:
0045   0BA0           00089                 decfsz  CntA,1
0046   2845           00090                 goto    D500_1
0047   0BA1           00091                 decfsz  CntB,1
0048   2845           00092                 goto    D500_1
0049   0BA2           00093                 decfsz  CntC,1
004A   2845           00094                 goto    D500_1
MPASM  5.51                          BASE.ASM   9-27-2017  7:49:48         PAGE  5


LOC  OBJECT CODE     LINE SOURCE TEXT
  VALUE

                      00095 
004B   3400           00096                 retlw   0
                      00097 
                      00098 ;------------------------------------------------------------------------------
                      00105 ;=-=-=-=-=-=-=-=-=-=-=-=-=-=-=-=-=-=-=-=-=-=-=-=-=-=-=-=-=-=-=-=-=-=-=-=-=-=-=-=-=-=-=-=-=-=-=-=-=-
                      00106   END
MPASM  5.51                          BASE.ASM   9-27-2017  7:49:48         PAGE  6


SYMBOL TABLE
  LABEL                             VALUE 

ACKDT                             00000005
ACKEN                             00000004
ACKSTAT                           00000006
ADCON0                            0000001F
ADCON1                            0000009F
ADCS0                             00000006
ADCS1                             00000007
ADDEN                             00000003
ADFM                              00000007
ADIE                              00000006
ADIF                              00000006
ADON                              00000000
ADRESH                            0000001E
ADRESL                            0000009E
BCLIE                             00000003
BCLIF                             00000003
BF                                00000000
BRGH                              00000002
C                                 00000000
CCP1CON                           00000017
CCP1IE                            00000002
CCP1IF                            00000002
CCP1M0                            00000000
CCP1M1                            00000001
CCP1M2                            00000002
CCP1M3                            00000003
CCP1X                             00000005
CCP1Y                             00000004
CCP2CON                           0000001D
CCP2IE                            00000000
CCP2IF                            00000000
CCP2M0                            00000000
CCP2M1                            00000001
CCP2M2                            00000002
CCP2M3                            00000003
CCP2X                             00000005
CCP2Y                             00000004
CCPR1                             00000015
CCPR1H                            00000016
CCPR1L                            00000015
CCPR2                             0000001B
CCPR2H                            0000001C
CCPR2L                            0000001B
CHS0                              00000003
CHS1                              00000004
CHS2                              00000005
CKE                               00000006
CKP                               00000004
CREN                              00000004
CSRC                              00000007
CntA                              00000020
CntB                              00000021
CntC                              00000022
MPASM  5.51                          BASE.ASM   9-27-2017  7:49:48         PAGE  7


SYMBOL TABLE
  LABEL                             VALUE 

D                                 00000005
D1                                00000020
D10                               00000029
D100                              00000032
D100_1                            00000038
D10_1                             0000002D
D1_1                              00000024
D500                              0000003F
D500_1                            00000045
DATA_ADDRESS                      00000005
DC                                00000001
D_A                               00000005
D_NOT_A                           00000005
EEADR                             0000010D
EEADRH                            0000010F
EECON1                            0000018C
EECON2                            0000018D
EEDATA                            0000010C
EEDATH                            0000010E
EEIE                              00000004
EEIF                              00000004
EEPGD                             00000007
Entrada_RESET                     00000000
F                                 00000001
FERR                              00000002
FSR                               00000004
GCEN                              00000007
GIE                               00000007
GO                                00000002
GO_DONE                           00000002
GO_NOT_DONE                       00000002
I2C_DATA                          00000005
I2C_READ                          00000002
I2C_START                         00000003
I2C_STOP                          00000004
IBF                               00000007
IBOV                              00000005
INDF                              00000000
INTCON                            0000000B
INTE                              00000004
INTEDG                            00000006
INTERRUPCIONES                    00000003
INTF                              00000001
IRP                               00000007
ISR                               0000001F
Inicio                            00000007
NOT_A                             00000005
NOT_ADDRESS                       00000005
NOT_BO                            00000000
NOT_BOR                           00000000
NOT_DONE                          00000002
NOT_PD                            00000003
NOT_POR                           00000001
MPASM  5.51                          BASE.ASM   9-27-2017  7:49:48         PAGE  8


SYMBOL TABLE
  LABEL                             VALUE 

NOT_RBPU                          00000007
NOT_RC8                           00000006
NOT_T1SYNC                        00000002
NOT_TO                            00000004
NOT_TX8                           00000006
NOT_W                             00000002
NOT_WRITE                         00000002
NoOprimida                        00000014
OBF                               00000006
OERR                              00000001
OK                                00000000
OPTION_REG                        00000081
P                                 00000004
PCFG0                             00000000
PCFG1                             00000001
PCFG2                             00000002
PCFG3                             00000003
PCL                               00000002
PCLATH                            0000000A
PCON                              0000008E
PEIE                              00000006
PEN                               00000002
PIE1                              0000008C
PIE2                              0000008D
PIR1                              0000000C
PIR2                              0000000D
PORTA                             00000005
PORTB                             00000006
PORTC                             00000007
PORTD                             00000008
PORTE                             00000009
PR2                               00000092
PS0                               00000000
PS1                               00000001
PS2                               00000002
PSA                               00000003
PSPIE                             00000007
PSPIF                             00000007
PSPMODE                           00000004
Procesa                           00000016
R                                 00000002
RA0                               00000000
RA1                               00000001
RA2                               00000002
RA3                               00000003
RA4                               00000004
RA5                               00000005
RB0                               00000000
RB1                               00000001
RB2                               00000002
RB3                               00000003
RB4                               00000004
RB5                               00000005
MPASM  5.51                          BASE.ASM   9-27-2017  7:49:48         PAGE  9


SYMBOL TABLE
  LABEL                             VALUE 

RB6                               00000006
RB7                               00000007
RBIE                              00000003
RBIF                              00000000
RC0                               00000000
RC1                               00000001
RC2                               00000002
RC3                               00000003
RC4                               00000004
RC5                               00000005
RC6                               00000006
RC7                               00000007
RC8_9                             00000006
RC9                               00000006
RCD8                              00000000
RCEN                              00000003
RCIE                              00000005
RCIF                              00000005
RCREG                             0000001A
RCSTA                             00000018
RD                                00000000
RD0                               00000000
RD1                               00000001
RD2                               00000002
RD3                               00000003
RD4                               00000004
RD5                               00000005
RD6                               00000006
RD7                               00000007
RE0                               00000000
RE1                               00000001
RE2                               00000002
READ_WRITE                        00000002
RP0                               00000005
RP1                               00000006
RSEN                              00000001
RX9                               00000006
RX9D                              00000000
R_NOT_W                           00000002
R_W                               00000002
Repite                            0000000F
S                                 00000003
SEN                               00000000
SMP                               00000007
SPBRG                             00000099
SPEN                              00000007
SREN                              00000005
SSPADD                            00000093
SSPBUF                            00000013
SSPCON                            00000014
SSPCON2                           00000091
SSPEN                             00000005
SSPIE                             00000003
MPASM  5.51                          BASE.ASM   9-27-2017  7:49:48         PAGE 10


SYMBOL TABLE
  LABEL                             VALUE 

SSPIF                             00000003
SSPM0                             00000000
SSPM1                             00000001
SSPM2                             00000002
SSPM3                             00000003
SSPOV                             00000006
SSPSTAT                           00000094
STATUS                            00000003
SYNC                              00000004
SiOprimida                        00000011
T0CS                              00000005
T0IE                              00000005
T0IF                              00000002
T0SE                              00000004
T1CKPS0                           00000004
T1CKPS1                           00000005
T1CON                             00000010
T1INSYNC                          00000002
T1OSCEN                           00000003
T1SYNC                            00000002
T2CKPS0                           00000000
T2CKPS1                           00000001
T2CON                             00000012
TIPO_uC                           00000000
TMR0                              00000001
TMR0IE                            00000005
TMR0IF                            00000002
TMR1                              0000000E
TMR1CS                            00000001
TMR1H                             0000000F
TMR1IE                            00000000
TMR1IF                            00000000
TMR1L                             0000000E
TMR1ON                            00000000
TMR2                              00000011
TMR2IE                            00000001
TMR2IF                            00000001
TMR2ON                            00000002
TOUTPS0                           00000003
TOUTPS1                           00000004
TOUTPS2                           00000005
TOUTPS3                           00000006
TRISA                             00000085
TRISA0                            00000000
TRISA1                            00000001
TRISA2                            00000002
TRISA3                            00000003
TRISA4                            00000004
TRISA5                            00000005
TRISB                             00000086
TRISB0                            00000000
TRISB1                            00000001
TRISB2                            00000002
MPASM  5.51                          BASE.ASM   9-27-2017  7:49:48         PAGE 11


SYMBOL TABLE
  LABEL                             VALUE 

TRISB3                            00000003
TRISB4                            00000004
TRISB5                            00000005
TRISB6                            00000006
TRISB7                            00000007
TRISC                             00000087
TRISC0                            00000000
TRISC1                            00000001
TRISC2                            00000002
TRISC3                            00000003
TRISC4                            00000004
TRISC5                            00000005
TRISC6                            00000006
TRISC7                            00000007
TRISD                             00000088
TRISD0                            00000000
TRISD1                            00000001
TRISD2                            00000002
TRISD3                            00000003
TRISD4                            00000004
TRISD5                            00000005
TRISD6                            00000006
TRISD7                            00000007
TRISE                             00000089
TRISE0                            00000000
TRISE1                            00000001
TRISE2                            00000002
TRMT                              00000001
TX8_9                             00000006
TX9                               00000006
TX9D                              00000000
TXD8                              00000000
TXEN                              00000005
TXIE                              00000004
TXIF                              00000004
TXREG                             00000019
TXSTA                             00000098
Temp0                             00000020
Temp1                             00000021
Temp2                             00000022
UA                                00000001
W                                 00000000
WCOL                              00000007
WR                                00000001
WREN                              00000002
WRERR                             00000003
Z                                 00000002
_BODEN_OFF                        00003FBF
_BODEN_ON                         00003FFF
_BOREN_OFF                        00003FBF
_BOREN_ON                         00003FFF
_CONFIG                           00002007
_CPD_OFF                          00003FFF
MPASM  5.51                          BASE.ASM   9-27-2017  7:49:48         PAGE 12


SYMBOL TABLE
  LABEL                             VALUE 

_CPD_ON                           00003EFF
_CP_ALL                           00000FCF
_CP_HALF                          00001FDF
_CP_OFF                           00003FFF
_CP_UPPER_256                     00002FEF
_DEBUG_OFF                        00003FFF
_DEBUG_ON                         000037FF
_DEVID1                           00002006
_FOSC_EXTRC                       00003FFF
_FOSC_HS                          00003FFE
_FOSC_LP                          00003FFC
_FOSC_XT                          00003FFD
_HS_OSC                           00003FFE
_IDLOC0                           00002000
_IDLOC1                           00002001
_IDLOC2                           00002002
_IDLOC3                           00002003
_LP_OSC                           00003FFC
_LVP_OFF                          00003F7F
_LVP_ON                           00003FFF
_PWRTE_OFF                        00003FFF
_PWRTE_ON                         00003FF7
_RC_OSC                           00003FFF
_WDTE_OFF                         00003FFB
_WDTE_ON                          00003FFF
_WDT_OFF                          00003FFB
_WDT_ON                           00003FFF
_WRT_ENABLE_OFF                   00003DFF
_WRT_ENABLE_ON                    00003FFF
_WRT_OFF                          00003DFF
_WRT_ON                           00003FFF
_XT_OSC                           00003FFD
__16F877A                         00000001
__DEBUG                           1


MEMORY USAGE MAP ('X' = Used,  '-' = Unused)

0000 : XXX-XXXXXXXXXXXX XXXXXXXXXXXXXXXX XXXXXXXXXXXXXXXX XXXXXXXXXXXXXXXX
0040 : XXXXXXXXXXXX---- ---------------- ---------------- ----------------

All other memory blocks unused.

Program Memory Words Used:    75
Program Memory Words Free:  8117


Errors   :     0
Warnings :     0 reported,     0 suppressed
Messages :     3 reported,     0 suppressed

