MPASM  5.51                 EJESTRUCTURAS.ASM   8-28-2017  8:50:21         PAGE  1


LOC  OBJECT CODE     LINE SOURCE TEXT
  VALUE

                      00001 ;==============================================================================
                      00002 ; En este archivo se encuentran ejemplos para implementar
                      00003 ; estructuras básicas en lenguaje ensamblador.
                      00004 ;==============================================================================
                      00005 ;-----[ AJUSTES ]-----
                      00006   LIST  P = PIC16F877                   ; Identificación del uC en donde se ensamblará.
                      00007   #INCLUDE      P16f877.INC             ; Se usarán las variables de Microchip
                      00001         LIST
                      00002 
                      00003 ;==========================================================================
                      00004 ;  MPASM PIC16F877 processor include
                      00005 ; 
                      00006 ;  (c) Copyright 1999-2013 Microchip Technology, All rights reserved
                      00007 ;==========================================================================
                      00008 
                      00540         LIST
                      00008   RADIX                 Hex                                             ; La base numérica es Hexadecima
                            l por omisión
                      00009   
                      00010 ;==============================================================================
                      00011 ;
                      00012 ; Los MACROS son empleados para ampliar la potencia del lenguaje ensamblador.
                      00013 ; Permiten crear alias de instrucciones e incluso construir instrucciones
                      00014 ; a patir de secuencias de órdenes en lenguaje ensamblador.
                      00015 ; A diferencia de las subrutinas (invocadas por la instrucción "call"),
                      00016 ; cada vez que se ejecuta un MACRO se sustituye el segmento de código definido
                      00017 ; con los valores asignados a los parámetros que tuviera.
                      00018 ;------------------------------------------------------------------------------
                      00019 ;-----[ MACROS que se emplearán ]-----
                      00020 Carga   MACRO Localidad, Dato
                      00021   movlw Dato
                      00022         movwf   Localidad
Warning[205]: Found directive in column 1. (ENDM)
                      00023 ENDM
                      00024 ;==============================================================================
                      00025 
                      00026 ;-----[ ETIQUETAS e IDENTIFICADORES ]-----
                      00027 
  00000000            00028 Inicio:         EQU             0x00    ;
  00000010            00029 Final:          EQU             0x10    ; 
  00000012            00030 Dato1:          EQU             0x12    ; Valor inicial del Dato 1
  00000023            00031 Dato2:          EQU             0x23    ; Valor inicial del Dato 2
  0000000A            00032 Diez:                   EQU             0x0A    ;
  00000055            00033 Ok:                             EQU             0x55    ;
                      00034 
                      00035 ;==============================================================================
                      00036 
                      00037 ;-----[ VARIABLES ]-----
                      00038   CBLOCK                0x20            ; Incio de la zona para variables GENERALES
  00000020            00039           Contador                              ; Se aloja en la localidad 0x020
  00000021            00040           Apuntador                             ; En localida 0x21
  00000022            00041           Var1                                          ; En la 0x22
  00000023            00042           Var2                                          ; En la 0x23
MPASM  5.51                 EJESTRUCTURAS.ASM   8-28-2017  8:50:21         PAGE  2


LOC  OBJECT CODE     LINE SOURCE TEXT
  VALUE

  00000024            00043           Var3                                          ; En la 0x24
  00000025            00044           Aviso                                         ; En la 0x25...
                      00045   ENDC
                      00046 ;==============================================================================
                      00047 ;-----[ CÓDIGO que se ensaya ]-----
                      00048 
0000                  00049   ORG           0x000
                      00050   
                      00051   Carga Aviso, 0xAA     ; Para identificar que no se ha llegado al FIN.
0000   30AA               M   movlw 0xAA
0001   00A5               M         movwf   Aviso
                      00052 
0002   3012           00053   movlw Dato1
0003   00A2           00054   movwf Var1
                      00055 
0004   3023           00056   movlw Dato2
0005   00A3           00057   movwf Var2
                      00058 
0006                  00059 Estructura1:
                      00060 ;-----
0006   300A           00061   movlw Diez                                            ; Valor INICIAL del Contador
0007   00A0           00062         movwf   Contador                                ; 
                      00063         ;Carga  Contador, Diez
                      00064 ;-----
0008                  00065 Continua:
                      00066                         ; Inicio de la la zona en donde está...
0008   0000           00067   nop                                                                           ; ... el proceso que se 
                            repite.
0009   0000           00068   nop                                                                           ; 
                      00069                         ;
                      00070 ;-----
                      00071                         ; Verificación de que se llegó a la condición
000A   0BA0           00072   decfsz  Contador, F           ; ¿El Contador está en Cero?
000B   2808           00073         goto      Continua                      ;... Si NO es IGUAL a CERO, continúa.
                      00074 ;-----
                      00075 
000C                  00076 Terminó:
000C   3055           00077         movlw   Ok                                                      ; Indica que terminó bien.
000D   00A5           00078         movwf   Aviso                                           ;
                      00079                         
000E   0063           00080         sleep
                      00081 
                      00082 ;-=-=-=-=-=-=-=-=-=-=-=-=-=-=-=-=-=-=-=-=-=-=-=-=-=-=-=-=-=-=-=-=-=-=-=-=-=-=-=
                      00083         END
MPASM  5.51                 EJESTRUCTURAS.ASM   8-28-2017  8:50:21         PAGE  3


SYMBOL TABLE
  LABEL                             VALUE 

ACKDT                             00000005
ACKEN                             00000004
ACKSTAT                           00000006
ADCON0                            0000001F
ADCON1                            0000009F
ADCS0                             00000006
ADCS1                             00000007
ADDEN                             00000003
ADFM                              00000007
ADIE                              00000006
ADIF                              00000006
ADON                              00000000
ADRESH                            0000001E
ADRESL                            0000009E
Apuntador                         00000021
Aviso                             00000025
BCLIE                             00000003
BCLIF                             00000003
BF                                00000000
BRGH                              00000002
C                                 00000000
CCP1CON                           00000017
CCP1IE                            00000002
CCP1IF                            00000002
CCP1M0                            00000000
CCP1M1                            00000001
CCP1M2                            00000002
CCP1M3                            00000003
CCP1X                             00000005
CCP1Y                             00000004
CCP2CON                           0000001D
CCP2IE                            00000000
CCP2IF                            00000000
CCP2M0                            00000000
CCP2M1                            00000001
CCP2M2                            00000002
CCP2M3                            00000003
CCP2X                             00000005
CCP2Y                             00000004
CCPR1                             00000015
CCPR1H                            00000016
CCPR1L                            00000015
CCPR2                             0000001B
CCPR2H                            0000001C
CCPR2L                            0000001B
CHS0                              00000003
CHS1                              00000004
CHS2                              00000005
CKE                               00000006
CKP                               00000004
CREN                              00000004
CSRC                              00000007
Carga                             
MPASM  5.51                 EJESTRUCTURAS.ASM   8-28-2017  8:50:21         PAGE  4


SYMBOL TABLE
  LABEL                             VALUE 

Contador                          00000020
Continua                          00000008
D                                 00000005
DATA_ADDRESS                      00000005
DC                                00000001
D_A                               00000005
D_NOT_A                           00000005
Dato1                             00000012
Dato2                             00000023
Diez                              0000000A
EEADR                             0000010D
EEADRH                            0000010F
EECON1                            0000018C
EECON2                            0000018D
EEDATA                            0000010C
EEDATH                            0000010E
EEIE                              00000004
EEIF                              00000004
EEPGD                             00000007
Estructura1                       00000006
F                                 00000001
FERR                              00000002
FSR                               00000004
Final                             00000010
GCEN                              00000007
GIE                               00000007
GO                                00000002
GO_DONE                           00000002
GO_NOT_DONE                       00000002
I2C_DATA                          00000005
I2C_READ                          00000002
I2C_START                         00000003
I2C_STOP                          00000004
IBF                               00000007
IBOV                              00000005
INDF                              00000000
INTCON                            0000000B
INTE                              00000004
INTEDG                            00000006
INTF                              00000001
IRP                               00000007
Inicio                            00000000
NOT_A                             00000005
NOT_ADDRESS                       00000005
NOT_BO                            00000000
NOT_BOR                           00000000
NOT_DONE                          00000002
NOT_PD                            00000003
NOT_POR                           00000001
NOT_RBPU                          00000007
NOT_RC8                           00000006
NOT_T1SYNC                        00000002
NOT_TO                            00000004
MPASM  5.51                 EJESTRUCTURAS.ASM   8-28-2017  8:50:21         PAGE  5


SYMBOL TABLE
  LABEL                             VALUE 

NOT_TX8                           00000006
NOT_W                             00000002
NOT_WRITE                         00000002
OBF                               00000006
OERR                              00000001
OPTION_REG                        00000081
Ok                                00000055
P                                 00000004
PCFG0                             00000000
PCFG1                             00000001
PCFG2                             00000002
PCFG3                             00000003
PCL                               00000002
PCLATH                            0000000A
PCON                              0000008E
PEIE                              00000006
PEN                               00000002
PIE1                              0000008C
PIE2                              0000008D
PIR1                              0000000C
PIR2                              0000000D
PORTA                             00000005
PORTB                             00000006
PORTC                             00000007
PORTD                             00000008
PORTE                             00000009
PR2                               00000092
PS0                               00000000
PS1                               00000001
PS2                               00000002
PSA                               00000003
PSPIE                             00000007
PSPIF                             00000007
PSPMODE                           00000004
R                                 00000002
RA0                               00000000
RA1                               00000001
RA2                               00000002
RA3                               00000003
RA4                               00000004
RA5                               00000005
RB0                               00000000
RB1                               00000001
RB2                               00000002
RB3                               00000003
RB4                               00000004
RB5                               00000005
RB6                               00000006
RB7                               00000007
RBIE                              00000003
RBIF                              00000000
RC0                               00000000
RC1                               00000001
MPASM  5.51                 EJESTRUCTURAS.ASM   8-28-2017  8:50:21         PAGE  6


SYMBOL TABLE
  LABEL                             VALUE 

RC2                               00000002
RC3                               00000003
RC4                               00000004
RC5                               00000005
RC6                               00000006
RC7                               00000007
RC8_9                             00000006
RC9                               00000006
RCD8                              00000000
RCEN                              00000003
RCIE                              00000005
RCIF                              00000005
RCREG                             0000001A
RCSTA                             00000018
RD                                00000000
RD0                               00000000
RD1                               00000001
RD2                               00000002
RD3                               00000003
RD4                               00000004
RD5                               00000005
RD6                               00000006
RD7                               00000007
RE0                               00000000
RE1                               00000001
RE2                               00000002
READ_WRITE                        00000002
RP0                               00000005
RP1                               00000006
RSEN                              00000001
RX9                               00000006
RX9D                              00000000
R_NOT_W                           00000002
R_W                               00000002
S                                 00000003
SEN                               00000000
SMP                               00000007
SPBRG                             00000099
SPEN                              00000007
SREN                              00000005
SSPADD                            00000093
SSPBUF                            00000013
SSPCON                            00000014
SSPCON2                           00000091
SSPEN                             00000005
SSPIE                             00000003
SSPIF                             00000003
SSPM0                             00000000
SSPM1                             00000001
SSPM2                             00000002
SSPM3                             00000003
SSPOV                             00000006
SSPSTAT                           00000094
MPASM  5.51                 EJESTRUCTURAS.ASM   8-28-2017  8:50:21         PAGE  7


SYMBOL TABLE
  LABEL                             VALUE 

STATUS                            00000003
SYNC                              00000004
T0CS                              00000005
T0IE                              00000005
T0IF                              00000002
T0SE                              00000004
T1CKPS0                           00000004
T1CKPS1                           00000005
T1CON                             00000010
T1INSYNC                          00000002
T1OSCEN                           00000003
T1SYNC                            00000002
T2CKPS0                           00000000
T2CKPS1                           00000001
T2CON                             00000012
TMR0                              00000001
TMR0IE                            00000005
TMR0IF                            00000002
TMR1                              0000000E
TMR1CS                            00000001
TMR1H                             0000000F
TMR1IE                            00000000
TMR1IF                            00000000
TMR1L                             0000000E
TMR1ON                            00000000
TMR2                              00000011
TMR2IE                            00000001
TMR2IF                            00000001
TMR2ON                            00000002
TOUTPS0                           00000003
TOUTPS1                           00000004
TOUTPS2                           00000005
TOUTPS3                           00000006
TRISA                             00000085
TRISA0                            00000000
TRISA1                            00000001
TRISA2                            00000002
TRISA3                            00000003
TRISA4                            00000004
TRISA5                            00000005
TRISB                             00000086
TRISB0                            00000000
TRISB1                            00000001
TRISB2                            00000002
TRISB3                            00000003
TRISB4                            00000004
TRISB5                            00000005
TRISB6                            00000006
TRISB7                            00000007
TRISC                             00000087
TRISC0                            00000000
TRISC1                            00000001
TRISC2                            00000002
MPASM  5.51                 EJESTRUCTURAS.ASM   8-28-2017  8:50:21         PAGE  8


SYMBOL TABLE
  LABEL                             VALUE 

TRISC3                            00000003
TRISC4                            00000004
TRISC5                            00000005
TRISC6                            00000006
TRISC7                            00000007
TRISD                             00000088
TRISD0                            00000000
TRISD1                            00000001
TRISD2                            00000002
TRISD3                            00000003
TRISD4                            00000004
TRISD5                            00000005
TRISD6                            00000006
TRISD7                            00000007
TRISE                             00000089
TRISE0                            00000000
TRISE1                            00000001
TRISE2                            00000002
TRMT                              00000001
TX8_9                             00000006
TX9                               00000006
TX9D                              00000000
TXD8                              00000000
TXEN                              00000005
TXIE                              00000004
TXIF                              00000004
TXREG                             00000019
TXSTA                             00000098
Terminó                           0000000C
UA                                00000001
Var1                              00000022
Var2                              00000023
Var3                              00000024
W                                 00000000
WCOL                              00000007
WR                                00000001
WREN                              00000002
WRERR                             00000003
Z                                 00000002
_BODEN_OFF                        00003FBF
_BODEN_ON                         00003FFF
_BOREN_OFF                        00003FBF
_BOREN_ON                         00003FFF
_CONFIG                           00002007
_CPD_OFF                          00003FFF
_CPD_ON                           00003EFF
_CP_ALL                           00000FCF
_CP_HALF                          00001FDF
_CP_OFF                           00003FFF
_CP_UPPER_256                     00002FEF
_DEBUG_OFF                        00003FFF
_DEBUG_ON                         000037FF
_DEVID1                           00002006
MPASM  5.51                 EJESTRUCTURAS.ASM   8-28-2017  8:50:21         PAGE  9


SYMBOL TABLE
  LABEL                             VALUE 

_FOSC_EXTRC                       00003FFF
_FOSC_HS                          00003FFE
_FOSC_LP                          00003FFC
_FOSC_XT                          00003FFD
_HS_OSC                           00003FFE
_IDLOC0                           00002000
_IDLOC1                           00002001
_IDLOC2                           00002002
_IDLOC3                           00002003
_LP_OSC                           00003FFC
_LVP_OFF                          00003F7F
_LVP_ON                           00003FFF
_PWRTE_OFF                        00003FFF
_PWRTE_ON                         00003FF7
_RC_OSC                           00003FFF
_WDTE_OFF                         00003FFB
_WDTE_ON                          00003FFF
_WDT_OFF                          00003FFB
_WDT_ON                           00003FFF
_WRT_ENABLE_OFF                   00003DFF
_WRT_ENABLE_ON                    00003FFF
_WRT_OFF                          00003DFF
_WRT_ON                           00003FFF
_XT_OSC                           00003FFD
__16F877                          00000001
__DEBUG                           1


MEMORY USAGE MAP ('X' = Used,  '-' = Unused)

0000 : XXXXXXXXXXXXXXX- ---------------- ---------------- ----------------

All other memory blocks unused.

Program Memory Words Used:    15
Program Memory Words Free:  8177


Errors   :     0
Warnings :     1 reported,     0 suppressed
Messages :     0 reported,     0 suppressed

