MPASM  5.51                          BASE.ASM   8-25-2017  15:04:14         PAGE  1


LOC  OBJECT CODE     LINE SOURCE TEXT
  VALUE

                      00001 ;==================================================================================================
                      00002 ;       Programa de Ensayo para ejecutar las instrucciones del uC.
                      00003 ;
                      00004 ; NOTAS:
                      00005 ; 1. Ejercite todas y cada una de las instrucciones del uC, tal como están mostradas en la 
                      00006 ; presentación ("Conjunto Instrucciones PIC16F877. [SFHM].pdf"). Verifique el significado de cada 
                      00007 ; elemento de la instrucción leyendo en el manual del dispositivo 
                      00008 ; ("Manual PIC16F877 Comentado (SFHM).pdf").
                      00009 ; 
                      00010 ; 2. Verifique lo que sucede con las instrucciones observando la simulación en Proteus.
                      00011 ;
                      00012 ; 3. Verifique lo que sucede en los registros, memoria y recursos del uC al ejecutar cada 
                      00013 ; instrucción empleando el simulador de MPLAB.
                      00014 ;
                      00015 ; 4. Incluya TODAS las Directivas del lenguaje ensamblador en este segmento de código, explique lo 
                      00016 ; que hace cada directiva con líneas de comentarios
                      00017 ;==================================================================================================
                      00018 ;-----[ AJUSTES ]-----
                      00019   LIST  P = PIC16F877                   ; Identificación del uC en donde se ensamblará.
                      00020   #INCLUDE      P16f877.INC             ; Se usarán las variables de Microchip
                      00001         LIST
                      00002 
                      00003 ;==========================================================================
                      00004 ;  MPASM PIC16F877 processor include
                      00005 ; 
                      00006 ;  (c) Copyright 1999-2013 Microchip Technology, All rights reserved
                      00007 ;==========================================================================
                      00008 
Message[301]: MESSAGE: (Processor-header file mismatch.  Verify selected processor.)
                      00540         LIST
                      00021   RADIX                 Hex                                             ; La base numérica es Hexadecima
                            l por omisión
                      00022   
                      00023 ;==================================================================================================
                      00024 ;-----[ Etiquetas de Identificadores ]-----
  00000000            00025 OK:                       EQU                   0x00      ; Identifica que "Todo está bien".
  00000000            00026 TIPO_uC:        EQU                     0x00            ; Tipo de uControlador.
                      00027 
                      00028 ;==================================================================================================
                      00029 ;-----[ Definiciones ]-----
                      00030         #DEFINE Boton PORTB,0
                      00031         #DEFINE Otra    Esto
                      00032 ;==================================================================================================
                      00033 ;-----[ Variables ]-----
  00000020            00034 Temp0:    EQU     0x20    ; Variable que alojará distintos parámetros. Primera localidad
  00000021            00035 Temp1:    EQU     0x21          ; Variables Temporales para varios usos...
  00000022            00036 Temp2:    EQU     0x22          ;       ....
                      00037 
  00000023            00038 Switches        EQU                     0x23            ; Interruptores, se obtiene de la lectura del PO
                            RTB
                      00039 
                      00040 ;==================================================================================================
                      00041 ;----[ INICIO de CÓDIGO  y de ATENCIÓN a INTERRUPCIONES ]----
MPASM  5.51                          BASE.ASM   8-25-2017  15:04:14         PAGE  2


LOC  OBJECT CODE     LINE SOURCE TEXT
  VALUE

                      00042 
0000                  00043 Entrada_RESET:
0000                  00044   ORG 0x00                                        ; Inicio de ejecución de la aplicación.
                      00045                                 
0000   3000           00046   movlw HIGH Inicio       ; Verificar en cuál página se encuentra la rutina principal.
0001   008A           00047   movwf PCLATH                    ; Carga PCLATH.
0002   2807           00048   goto  Inicio                    ;
                      00049 ;-----                                                          
0003                  00050 INTERRUPCIONES:         
0004                  00051   ORG 0x04                                        ; Atención a interrupciones.
                      00052                                 
0004   3000           00053   movlw HIGH ISR                  ; Vector de atención a interrupciones.
0005   008A           00054   movwf PCLATH                    ; Asegura que es la dirección adecuada (página).
0006   283F           00055   goto  ISR                                       ; 
                      00056 ;==================================================================================================
                      00057 ;-----[ INICIO del CÓDIGO PRINCIPAL ]-----
0007                  00058 Inicio:                 
0007   1683           00059   bsf           STATUS, RP0       ; Pasamos al BANCO "1"
0008   1303           00060   bcf   STATUS, RP1   ; (Se ajusta la selección del BANCO de FSR)
                      00061 ;-----                          
                      00062 
                      00063         ; AJUSTE de las terminales (pines) de Puertos. "0" -> Salidas, "1" -> Entradas
0009   30FF           00064         movlw   b'11111111'             ; Entradas <b7:b0> para
Message[302]: Register in operand not in bank 0.  Ensure that bank bits are correct.
000A   0086           00065   movwf TRISB                                   ; Puerto "B"
                      00066   
000B   3000           00067   movlw b'00000000'             ; Salidas para PORTC
Message[302]: Register in operand not in bank 0.  Ensure that bank bits are correct.
000C   0087           00068   movwf TRISC                                   ;
                      00069                       
000D   3000           00070   movlw b'00000000'             ; Todas las terminales del Puerto "D"...
Message[302]: Register in operand not in bank 0.  Ensure that bank bits are correct.
000E   0088           00071   movwf TRISD                             ; ...estarán como Salidas.
                      00072   
                      00073 ;-----                          
000F   1283           00074         bcf             STATUS, RP0       ; Ahora regresamos al BANCO "0"
0010   1303           00075         bcf   STATUS, RP1
                      00076 ;-----                          
                      00077 
0011                  00078 Repite:
                      00079 ;-----[ Captura y Ajuste de la lectura de los Interruptores ]-----      
0011   0806           00080         movfw   PORTB                                   ; Lectura de los Interruptores
0012   39F0           00081         andlw   b'11110000'             ; Me quedo con los interruptores que están en la parte ALTA <b7:
                            b4>
0013   00A3           00082         movwf   Switches                        ;
                      00083         
0014   1003           00084         bcf             STATUS,C                        ; Limpia el bit de "carry", para propagar un "0"
                             por la izquierda.
0015   0CA3           00085         rrf             Switches, F             ; Rota el valor leído hacia la derecha 4 veces
0016   0CA3           00086         rrf             Switches, F             ;
0017   0CA3           00087         rrf             Switches, F             ;
0018   0CA3           00088         rrf             Switches, F             ;
                      00089         
MPASM  5.51                          BASE.ASM   8-25-2017  15:04:14         PAGE  3


LOC  OBJECT CODE     LINE SOURCE TEXT
  VALUE

                      00090 ;-----
0019   0823           00091         movfw   Switches                        ; Para verificar cómo quedó la información en la variabl
                            e "Switches"
001A   0087           00092         movwf   PORTC                                   ; ¿Se ve bien?
                      00093 ;-----  
                      00094 
                      00095 ;-----[ Comparación del Valor Capturado de los Switches con las Opciones posibles ]-----
001B   0823           00096   movfw Switches      ; Toma el valor leído de los interruptores, cópialo en "W"
001C   3C00           00097   sublw .0            ; Prueba si el valor leído fue igual a 0 (0000)
001D   1D03           00098   btfss STATUS, Z     ; ¿Fueron los valores iguales?
001E   2821           00099   goto  Continua_01   ; El resultado fue distinto a CERO, No fueron iguales los valores.
                      00100 
001F                  00101 Fue_igual_a_0:
001F   30AA           00102   movlw b'10101010'       ; Patrón de iluminación para el "0"
0020   2833           00103   goto  Procesa
                      00104 
0021                  00105 Continua_01:
0021   0823           00106   movfw Switches      ; Toma el valor leído de los interruptores, cópialo en "W"
0022   3C01           00107   sublw .1            ; Prueba si el valor leído fue igual a 1 (0001)
0023   1D03           00108   btfss STATUS, Z     ; ¿Fueron los valores iguales?
0024   2827           00109   goto  Continua_02   ; El resultado fue distinto a CERO, No fueron iguales los valores.
                      00110 
0025                  00111 Fue_igual_a_1:
0025   3055           00112   movlw b'01010101'       ; Patrón de iluminación para el "1"
0026   2833           00113   goto  Procesa
                      00114 
0027                  00115 Continua_02:
0027   0823           00116   movfw Switches      ; Toma el valor leído de los interruptores, cópialo en "W"
0028   3C02           00117   sublw .2            ; Prueba si el valor leído fue igual a 2 (0010)
0029   1D03           00118   btfss STATUS, Z     ; ¿Fueron los valores iguales?
002A   282D           00119   goto  Continua_03   ; El resultado fue distinto a CERO, No fueron iguales los valores.
                      00120 
002B                  00121 Fue_igual_a_2:
002B   300F           00122   movlw b'00001111'       ; Patrón de iluminación para el "2"
002C   2833           00123   goto  Procesa
                      00124   
002D                  00125 Continua_03:
002D   0823           00126   movfw Switches      ; Toma el valor leído de los interruptores, cópialo en "W"
002E   3C03           00127   sublw .3            ; Prueba si el valor leído fue igual a 3 (0011)
002F   1D03           00128   btfss STATUS, Z     ; ¿Fueron los valores iguales?
0030   2833           00129   goto  Continua_04   ; El resultado fue distinto a CERO, No fueron iguales los valores.
                      00130 
0031                  00131 Fue_igual_a_3:
0031   30F0           00132   movlw b'11110000'       ; Patrón de iluminación para el "3"
0032   2833           00133   goto  Procesa
                      00134   
0033                  00135 Continua_04: 
                      00136 
                      00137   
                      00138 ;-----[ Verifica si ya se puede Imprimir el Resultado del valor procesado]-----
0033                  00139 Procesa:
0033   1806           00140         btfsc   Boton                                   ; ¿Está oprimido el Botón?
0034   2836           00141         goto  NoOprimida                ; NO, estaba en "1"
MPASM  5.51                          BASE.ASM   8-25-2017  15:04:14         PAGE  4


LOC  OBJECT CODE     LINE SOURCE TEXT
  VALUE

                      00142         
0035                  00143 SiOprimida:
0035   0088           00144         movwf   PORTD                             ;
                      00145         
0036                  00146 NoOprimida:
0036   2811           00147         goto    Repite        ; Continúa con el proceso
                      00148 
                      00149 ;------------------------------------------------------------------------------ 
                      00150         
                      00151                                 
0037   3000           00152         movlw b'00000000'
0038   0088           00153         movwf PORTD
                      00154 ;-----
0039   2052           00155         call  D100          ; Retardo de 100 milisegundos
003A   2052           00156         call  D100
003B   2052           00157         call  D100
003C   2052           00158         call  D100
003D   2052           00159         call  D100
                      00160 ;-----                          
003E   2811           00161   goto  Repite                          
                      00162 ;-----
                      00163 ;=-=-=-=-=-=-=-=-=-=-=-=-=-=-=-=-=-=-=-=-=-=-=-=-=-=-=-=-=-=-=-=-=-=-=-=-=-=-=-=-=-=-=-=-=-=-=-=-=-
003F                  00164 ISR:
003F   0009           00165         retfie            ; Regresa de la atención a la interrupción.
                      00166 ;=-=-=-=-=-=-=-=-=-=-=-=-=-=-=-=-=-=-=-=-=-=-=-=-=-=-=-=-=-=-=-=-=-=-=-=-=-=-=-=-=-=-=-=-=-=-=-=-=-
                      00167   #INCLUDE "R.asm"  ; Subrutinas con los "Retardos de Tiempo"
                      00001 ;  Este archivo contiene subrutinas que podrán ser empleadas por otros programas.
                      00002 ;  Para poder usar estas subrutinas se debe incluir este archivo en el programa que
                      00003 ; les invoque, se emplea la directiva INCLUDE.
                      00004 ;
                      00005 ; Se sugiere que este archivo sea inluido al final del código que se esté ensayando.
                      00006 ;
                      00007 ; Las siguientes rutina generan retardos de 1, 10, 100 y 500 milisegundos.
                      00008 ;
                      00009 ;       D1: 1 milisegundo                       --> (0.0010002 s)
                      00010 ;       D10: 10 milisegundos            --> (0.0100006 s)
                      00011 ;       D100: 100 milisegundos          --> (0.1000004 s)
                      00012 ;       D500: 500 milisegundos          --> (0.5000006 s)
                      00013 ;       
                      00014 ; Los valores calculados son para Osc = 20.000000 MHz
                      00015 ;------------------------------------------------------------------------------
                      00016 ;       Habrá que dar de alta variables TEMPORALES. Para esto se igualan a
                      00017 ; variables temporales que se hubieran definido GLOBALMENTE.
                      00018 
  00000020            00019 CntA    EQU             Temp0
  00000021            00020 CntB    EQU             Temp1
  00000022            00021 CntC    EQU             Temp2
                      00022 
                      00023 ;------------------------------------------------------------------------------
                      00024 
0040                  00025 D1:
0040   3007           00026                 movlw   D'7'
0041   00A1           00027                 movwf   CntB
MPASM  5.51                          BASE.ASM   8-25-2017  15:04:14         PAGE  5


LOC  OBJECT CODE     LINE SOURCE TEXT
  VALUE

                      00028 
0042   307C           00029                 movlw   D'124'
0043   00A0           00030                 movwf   CntA
0044                  00031 D1_1:
0044   0BA0           00032                 decfsz  CntA, f
0045   2844           00033                 goto    D1_1
0046   0BA1           00034                 decfsz  CntB,1
0047   2844           00035                 goto    D1_1
                      00036         
0048   3400           00037                 retlw   0
                      00038 ;------------------------------------------------------------------------------
                      00039 
0049                  00040 D10:
0049   3041           00041                 movlw   D'65'
004A   00A1           00042                 movwf   CntB
                      00043 
004B   30EE           00044                 movlw   D'238'
004C   00A0           00045                 movwf   CntA
004D                  00046 D10_1:
004D   0BA0           00047                 decfsz  CntA, f
004E   284D           00048                 goto    D10_1
004F   0BA1           00049                 decfsz  CntB, f
0050   284D           00050                 goto    D10_1
                      00051         
0051   3400           00052                 retlw   0
                      00053 
                      00054 ;------------------------------------------------------------------------------
                      00055 
0052                  00056 D100:
                      00057                 ;PIC Time Delay = 0.1000004 s with Osc = 20.000000 MHz
0052   3003           00058                 movlw   D'3'
0053   00A2           00059                 movwf   CntC
                      00060 
0054   308C           00061                 movlw   D'140'
0055   00A1           00062                 movwf   CntB
                      00063 
0056   3053           00064                 movlw   D'83'
0057   00A0           00065                 movwf   CntA
0058                  00066 D100_1:
0058   0BA0           00067                 decfsz  CntA, f
0059   2858           00068                 goto    D100_1
005A   0BA1           00069                 decfsz  CntB, f
005B   2858           00070                 goto    D100_1
005C   0BA2           00071                 decfsz  CntC, f
005D   2858           00072                 goto    D100_1
                      00073         
005E   3400           00074                 retlw   0
                      00075 
                      00076 ;------------------------------------------------------------------------------
                      00077 
                      00078 
005F                  00079 D500:
005F   300D           00080                 movlw   D'13'
MPASM  5.51                          BASE.ASM   8-25-2017  15:04:14         PAGE  6


LOC  OBJECT CODE     LINE SOURCE TEXT
  VALUE

0060   00A2           00081                 movwf   CntC
                      00082 
0061   30BB           00083                 movlw   D'187'
0062   00A1           00084                 movwf   CntB
                      00085 
0063   30AA           00086                 movlw   D'170'
0064   00A0           00087                 movwf   CntA
0065                  00088 D500_1:
0065   0BA0           00089                 decfsz  CntA,1
0066   2865           00090                 goto    D500_1
0067   0BA1           00091                 decfsz  CntB,1
0068   2865           00092                 goto    D500_1
0069   0BA2           00093                 decfsz  CntC,1
006A   2865           00094                 goto    D500_1
                      00095 
006B   3400           00096                 retlw   0
                      00097 
                      00098 ;------------------------------------------------------------------------------
                      00168 ;=-=-=-=-=-=-=-=-=-=-=-=-=-=-=-=-=-=-=-=-=-=-=-=-=-=-=-=-=-=-=-=-=-=-=-=-=-=-=-=-=-=-=-=-=-=-=-=-=-
                      00169   END
MPASM  5.51                          BASE.ASM   8-25-2017  15:04:14         PAGE  7


SYMBOL TABLE
  LABEL                             VALUE 

ACKDT                             00000005
ACKEN                             00000004
ACKSTAT                           00000006
ADCON0                            0000001F
ADCON1                            0000009F
ADCS0                             00000006
ADCS1                             00000007
ADDEN                             00000003
ADFM                              00000007
ADIE                              00000006
ADIF                              00000006
ADON                              00000000
ADRESH                            0000001E
ADRESL                            0000009E
BCLIE                             00000003
BCLIF                             00000003
BF                                00000000
BRGH                              00000002
Boton                             PORTB,0
C                                 00000000
CCP1CON                           00000017
CCP1IE                            00000002
CCP1IF                            00000002
CCP1M0                            00000000
CCP1M1                            00000001
CCP1M2                            00000002
CCP1M3                            00000003
CCP1X                             00000005
CCP1Y                             00000004
CCP2CON                           0000001D
CCP2IE                            00000000
CCP2IF                            00000000
CCP2M0                            00000000
CCP2M1                            00000001
CCP2M2                            00000002
CCP2M3                            00000003
CCP2X                             00000005
CCP2Y                             00000004
CCPR1                             00000015
CCPR1H                            00000016
CCPR1L                            00000015
CCPR2                             0000001B
CCPR2H                            0000001C
CCPR2L                            0000001B
CHS0                              00000003
CHS1                              00000004
CHS2                              00000005
CKE                               00000006
CKP                               00000004
CREN                              00000004
CSRC                              00000007
CntA                              00000020
CntB                              00000021
MPASM  5.51                          BASE.ASM   8-25-2017  15:04:14         PAGE  8


SYMBOL TABLE
  LABEL                             VALUE 

CntC                              00000022
Continua_01                       00000021
Continua_02                       00000027
Continua_03                       0000002D
Continua_04                       00000033
D                                 00000005
D1                                00000040
D10                               00000049
D100                              00000052
D100_1                            00000058
D10_1                             0000004D
D1_1                              00000044
D500                              0000005F
D500_1                            00000065
DATA_ADDRESS                      00000005
DC                                00000001
D_A                               00000005
D_NOT_A                           00000005
EEADR                             0000010D
EEADRH                            0000010F
EECON1                            0000018C
EECON2                            0000018D
EEDATA                            0000010C
EEDATH                            0000010E
EEIE                              00000004
EEIF                              00000004
EEPGD                             00000007
Entrada_RESET                     00000000
F                                 00000001
FERR                              00000002
FSR                               00000004
Fue_igual_a_0                     0000001F
Fue_igual_a_1                     00000025
Fue_igual_a_2                     0000002B
Fue_igual_a_3                     00000031
GCEN                              00000007
GIE                               00000007
GO                                00000002
GO_DONE                           00000002
GO_NOT_DONE                       00000002
I2C_DATA                          00000005
I2C_READ                          00000002
I2C_START                         00000003
I2C_STOP                          00000004
IBF                               00000007
IBOV                              00000005
INDF                              00000000
INTCON                            0000000B
INTE                              00000004
INTEDG                            00000006
INTERRUPCIONES                    00000003
INTF                              00000001
IRP                               00000007
MPASM  5.51                          BASE.ASM   8-25-2017  15:04:14         PAGE  9


SYMBOL TABLE
  LABEL                             VALUE 

ISR                               0000003F
Inicio                            00000007
NOT_A                             00000005
NOT_ADDRESS                       00000005
NOT_BO                            00000000
NOT_BOR                           00000000
NOT_DONE                          00000002
NOT_PD                            00000003
NOT_POR                           00000001
NOT_RBPU                          00000007
NOT_RC8                           00000006
NOT_T1SYNC                        00000002
NOT_TO                            00000004
NOT_TX8                           00000006
NOT_W                             00000002
NOT_WRITE                         00000002
NoOprimida                        00000036
OBF                               00000006
OERR                              00000001
OK                                00000000
OPTION_REG                        00000081
Otra                              Esto
P                                 00000004
PCFG0                             00000000
PCFG1                             00000001
PCFG2                             00000002
PCFG3                             00000003
PCL                               00000002
PCLATH                            0000000A
PCON                              0000008E
PEIE                              00000006
PEN                               00000002
PIE1                              0000008C
PIE2                              0000008D
PIR1                              0000000C
PIR2                              0000000D
PORTA                             00000005
PORTB                             00000006
PORTC                             00000007
PORTD                             00000008
PORTE                             00000009
PR2                               00000092
PS0                               00000000
PS1                               00000001
PS2                               00000002
PSA                               00000003
PSPIE                             00000007
PSPIF                             00000007
PSPMODE                           00000004
Procesa                           00000033
R                                 00000002
RA0                               00000000
RA1                               00000001
MPASM  5.51                          BASE.ASM   8-25-2017  15:04:14         PAGE 10


SYMBOL TABLE
  LABEL                             VALUE 

RA2                               00000002
RA3                               00000003
RA4                               00000004
RA5                               00000005
RB0                               00000000
RB1                               00000001
RB2                               00000002
RB3                               00000003
RB4                               00000004
RB5                               00000005
RB6                               00000006
RB7                               00000007
RBIE                              00000003
RBIF                              00000000
RC0                               00000000
RC1                               00000001
RC2                               00000002
RC3                               00000003
RC4                               00000004
RC5                               00000005
RC6                               00000006
RC7                               00000007
RC8_9                             00000006
RC9                               00000006
RCD8                              00000000
RCEN                              00000003
RCIE                              00000005
RCIF                              00000005
RCREG                             0000001A
RCSTA                             00000018
RD                                00000000
RD0                               00000000
RD1                               00000001
RD2                               00000002
RD3                               00000003
RD4                               00000004
RD5                               00000005
RD6                               00000006
RD7                               00000007
RE0                               00000000
RE1                               00000001
RE2                               00000002
READ_WRITE                        00000002
RP0                               00000005
RP1                               00000006
RSEN                              00000001
RX9                               00000006
RX9D                              00000000
R_NOT_W                           00000002
R_W                               00000002
Repite                            00000011
S                                 00000003
SEN                               00000000
MPASM  5.51                          BASE.ASM   8-25-2017  15:04:14         PAGE 11


SYMBOL TABLE
  LABEL                             VALUE 

SMP                               00000007
SPBRG                             00000099
SPEN                              00000007
SREN                              00000005
SSPADD                            00000093
SSPBUF                            00000013
SSPCON                            00000014
SSPCON2                           00000091
SSPEN                             00000005
SSPIE                             00000003
SSPIF                             00000003
SSPM0                             00000000
SSPM1                             00000001
SSPM2                             00000002
SSPM3                             00000003
SSPOV                             00000006
SSPSTAT                           00000094
STATUS                            00000003
SYNC                              00000004
SiOprimida                        00000035
Switches                          00000023
T0CS                              00000005
T0IE                              00000005
T0IF                              00000002
T0SE                              00000004
T1CKPS0                           00000004
T1CKPS1                           00000005
T1CON                             00000010
T1INSYNC                          00000002
T1OSCEN                           00000003
T1SYNC                            00000002
T2CKPS0                           00000000
T2CKPS1                           00000001
T2CON                             00000012
TIPO_uC                           00000000
TMR0                              00000001
TMR0IE                            00000005
TMR0IF                            00000002
TMR1                              0000000E
TMR1CS                            00000001
TMR1H                             0000000F
TMR1IE                            00000000
TMR1IF                            00000000
TMR1L                             0000000E
TMR1ON                            00000000
TMR2                              00000011
TMR2IE                            00000001
TMR2IF                            00000001
TMR2ON                            00000002
TOUTPS0                           00000003
TOUTPS1                           00000004
TOUTPS2                           00000005
TOUTPS3                           00000006
MPASM  5.51                          BASE.ASM   8-25-2017  15:04:14         PAGE 12


SYMBOL TABLE
  LABEL                             VALUE 

TRISA                             00000085
TRISA0                            00000000
TRISA1                            00000001
TRISA2                            00000002
TRISA3                            00000003
TRISA4                            00000004
TRISA5                            00000005
TRISB                             00000086
TRISB0                            00000000
TRISB1                            00000001
TRISB2                            00000002
TRISB3                            00000003
TRISB4                            00000004
TRISB5                            00000005
TRISB6                            00000006
TRISB7                            00000007
TRISC                             00000087
TRISC0                            00000000
TRISC1                            00000001
TRISC2                            00000002
TRISC3                            00000003
TRISC4                            00000004
TRISC5                            00000005
TRISC6                            00000006
TRISC7                            00000007
TRISD                             00000088
TRISD0                            00000000
TRISD1                            00000001
TRISD2                            00000002
TRISD3                            00000003
TRISD4                            00000004
TRISD5                            00000005
TRISD6                            00000006
TRISD7                            00000007
TRISE                             00000089
TRISE0                            00000000
TRISE1                            00000001
TRISE2                            00000002
TRMT                              00000001
TX8_9                             00000006
TX9                               00000006
TX9D                              00000000
TXD8                              00000000
TXEN                              00000005
TXIE                              00000004
TXIF                              00000004
TXREG                             00000019
TXSTA                             00000098
Temp0                             00000020
Temp1                             00000021
Temp2                             00000022
UA                                00000001
W                                 00000000
MPASM  5.51                          BASE.ASM   8-25-2017  15:04:14         PAGE 13


SYMBOL TABLE
  LABEL                             VALUE 

WCOL                              00000007
WR                                00000001
WREN                              00000002
WRERR                             00000003
Z                                 00000002
_BODEN_OFF                        00003FBF
_BODEN_ON                         00003FFF
_BOREN_OFF                        00003FBF
_BOREN_ON                         00003FFF
_CONFIG                           00002007
_CPD_OFF                          00003FFF
_CPD_ON                           00003EFF
_CP_ALL                           00000FCF
_CP_HALF                          00001FDF
_CP_OFF                           00003FFF
_CP_UPPER_256                     00002FEF
_DEBUG_OFF                        00003FFF
_DEBUG_ON                         000037FF
_DEVID1                           00002006
_FOSC_EXTRC                       00003FFF
_FOSC_HS                          00003FFE
_FOSC_LP                          00003FFC
_FOSC_XT                          00003FFD
_HS_OSC                           00003FFE
_IDLOC0                           00002000
_IDLOC1                           00002001
_IDLOC2                           00002002
_IDLOC3                           00002003
_LP_OSC                           00003FFC
_LVP_OFF                          00003F7F
_LVP_ON                           00003FFF
_PWRTE_OFF                        00003FFF
_PWRTE_ON                         00003FF7
_RC_OSC                           00003FFF
_WDTE_OFF                         00003FFB
_WDTE_ON                          00003FFF
_WDT_OFF                          00003FFB
_WDT_ON                           00003FFF
_WRT_ENABLE_OFF                   00003DFF
_WRT_ENABLE_ON                    00003FFF
_WRT_OFF                          00003DFF
_WRT_ON                           00003FFF
_XT_OSC                           00003FFD
__16F877A                         00000001
__DEBUG                           1
MPASM  5.51                          BASE.ASM   8-25-2017  15:04:14         PAGE 14


MEMORY USAGE MAP ('X' = Used,  '-' = Unused)


0000 : XXX-XXXXXXXXXXXX XXXXXXXXXXXXXXXX XXXXXXXXXXXXXXXX XXXXXXXXXXXXXXXX
0040 : XXXXXXXXXXXXXXXX XXXXXXXXXXXXXXXX XXXXXXXXXXXX---- ----------------

All other memory blocks unused.

Program Memory Words Used:   107
Program Memory Words Free:  8085


Errors   :     0
Warnings :     0 reported,     0 suppressed
Messages :     4 reported,     0 suppressed

