MPASM  5.51                      PRODUCTO.ASM   9-26-2017  22:39:42         PAGE  1


LOC  OBJECT CODE     LINE SOURCE TEXT
  VALUE

                      00001 ;******************************************************************************
                      00002 ; Programa que realiza el producto de dos bytes FACTOR1 y FACTOR2.
                      00003 ; El resultado se almacena en las localidades: Binario_ALTO y Binario_BAJO
                      00004 ; 
                      00005 ; Para probarlo, cargar valores en FACTOR1 y FACTOR2 y ejecutar este programa
                      00006 ;******************************************************************************
                      00007         LIST p=16F877A
                      00008         INCLUDE "p16f877a.inc"  ;Fichero que incluye info del uC a usarse.
                      00001         LIST
                      00002 
                      00003 ;==========================================================================
                      00004 ;  MPASM PIC16F877A processor include
                      00005 ; 
                      00006 ;  (c) Copyright 1999-2013 Microchip Technology, All rights reserved
                      00007 ;==========================================================================
                      00008 
                      00566         LIST
                      00009 
                      00010 ; Reserva de localidades de memoria para variables y apuntadores.
                      00011         CBLOCK  0x20
  00000020            00012                 Factor1, Factor2                                        ;Localidades que guardan los DAT
                            OS de ENTRADA.
  00000022            00013                 SumaAlto, SumaBajo                              ;Localidades para ir cargando FACTOR1 de
                            splazado.
  00000024            00014     BinarioAlto,BinarioBajo             ;Localidades de memoria para el resultado.
  00000026            00015                 Contador                                                        ;Contador de desplazamie
                            ntos.
                      00016         ENDC
                      00017 ;****************************************************************************** 
0000                  00018         ORG     0
0000   2120           00019         CALL    Producto                                                        ; Esta es la subrutina q
                            ue podrá incluirse en
                      00020                                                                                                         
                                            ; aplicaciones.
0001                  00021 Espera:
0001   2801           00022         GOTO    Espera                                                          ; Para atrapar en esta p
                            arte el ensayo.
                      00023 ;******************************************************************************
                      00024 ; Subrutina para realizar la multiplicación de dos bytes.
                      00025 ;
                      00026 ; Recibe los valores de entrada en las localidades de memoria
                      00027 ; Factor1 y Factor2
                      00028 ;
                      00029 ; Entrega el resultado en dos bytes: BinarioAlto y BinarioBajo.
                      00030 ;***************************************************************************
                      00031 ;Inicio de la Subrutina, puede ser otra la dirección inicial.
0120                  00032         ORG     0x120
0120                  00033 Producto:
0120   01A2           00034         clrf    SumaAlto                        ;Se ajusta a cero la parte ALTA del SUMANDO.
0121   01A4           00035         clrf    BinarioAlto     ;Se pone a cero la parte ALTA y BAJA del ACUMULADOR
0122   01A5           00036         clrf    BinarioBajo     ;de los resultados
                      00037         
0123   3008           00038         movlw   0x08                                    ;El CONTADOR de operaciones de rotación se...
MPASM  5.51                      PRODUCTO.ASM   9-26-2017  22:39:42         PAGE  2


LOC  OBJECT CODE     LINE SOURCE TEXT
  VALUE

0124   00A6           00039         movwf   Contador                        ;...ajusta a 8
                      00040 
0125   0820           00041         movf    Factor1,W                       ;Factor1 se carga en la parte baja del sumando...
0126   00A3           00042         movwf   SumaBajo                        ;...para aquí efectuar las rotaciones
                      00043 
0127                  00044 A_Sumar:
0127   0CA1           00045         rrf     Factor2, F                              ;Rotación a la derecha para comprobar si este bi
                            t
0128   1C03           00046         btfss   STATUS,C                                ;está en "0" o en "1" a través del bit de "carry
                            ".
0129   2930           00047         goto    Otro_Bit                                ;Si este bit era un "0", no hay nada que sumar.
012A   0823           00048         movf    SumaBajo,W                      ;Si este bit era "1", habrá que sumar la parte BAJA... 
012B   07A5           00049         addwf   BinarioBajo,F     ;...del acumulador con el sumando que corresponde... 
                      00050                                                                                                 ;...al F
                            actor1 previamente desplazado a la izquierda.
012C   1803           00051         btfsc   STATUS,C                                ;comprobamos si hubo acarreo en esa suma
012D   0AA4           00052         incf    BinarioAlto, F  ;Si lo hubiera, sumamos 1 al siguiente byte
012E   0822           00053         movf    SumaAlto,W                      ;sumamos la parte alta del acumulador con
012F   07A4           00054         addwf   BinarioAlto,F     ;el Factor1 anteriormente desplazado.
                      00055 
0130                  00056 Otro_Bit:       
0130   0BA6           00057         decfsz  Contador,F              ;Decrementamos el contador de operaciones parciales
0131   2933           00058         goto    A_Rotar                                 ;si no hemos llegado a cero, seguimos rotando
0132   0008           00059         return                                                          ;si ya hemos hecho 8 veces la op
                            eración, ¡se terminó!
                      00060 
0133                  00061 A_Rotar:
0133   1003           00062         bcf     STATUS,C                                        ;Para rotar Factor1 a la izquierda, carr
                            y = 0.
0134   0DA3           00063         rlf     SumaBajo,F                              ;rotamos encadenando la parte baja...
0135   0DA2           00064         rlf     SumaAlto,F            ;...con la parte alta
0136   2927           00065         goto A_Sumar                                    ;Comprobando si es necesario sumar o no.
                      00066 
                      00067         END
MPASM  5.51                      PRODUCTO.ASM   9-26-2017  22:39:42         PAGE  3


SYMBOL TABLE
  LABEL                             VALUE 

ACKDT                             00000005
ACKEN                             00000004
ACKSTAT                           00000006
ADCON0                            0000001F
ADCON1                            0000009F
ADCS0                             00000006
ADCS1                             00000007
ADCS2                             00000006
ADDEN                             00000003
ADFM                              00000007
ADIE                              00000006
ADIF                              00000006
ADON                              00000000
ADRESH                            0000001E
ADRESL                            0000009E
A_Rotar                           00000133
A_Sumar                           00000127
BCLIE                             00000003
BCLIF                             00000003
BF                                00000000
BRGH                              00000002
BinarioAlto                       00000024
BinarioBajo                       00000025
C                                 00000000
C1INV                             00000004
C1OUT                             00000006
C2INV                             00000005
C2OUT                             00000007
CCP1CON                           00000017
CCP1IE                            00000002
CCP1IF                            00000002
CCP1M0                            00000000
CCP1M1                            00000001
CCP1M2                            00000002
CCP1M3                            00000003
CCP1X                             00000005
CCP1Y                             00000004
CCP2CON                           0000001D
CCP2IE                            00000000
CCP2IF                            00000000
CCP2M0                            00000000
CCP2M1                            00000001
CCP2M2                            00000002
CCP2M3                            00000003
CCP2X                             00000005
CCP2Y                             00000004
CCPR1                             00000015
CCPR1H                            00000016
CCPR1L                            00000015
CCPR2                             0000001B
CCPR2H                            0000001C
CCPR2L                            0000001B
CHS0                              00000003
MPASM  5.51                      PRODUCTO.ASM   9-26-2017  22:39:42         PAGE  4


SYMBOL TABLE
  LABEL                             VALUE 

CHS1                              00000004
CHS2                              00000005
CIS                               00000003
CKE                               00000006
CKP                               00000004
CM0                               00000000
CM1                               00000001
CM2                               00000002
CMCON                             0000009C
CMIE                              00000006
CMIF                              00000006
CREN                              00000004
CSRC                              00000007
CVR0                              00000000
CVR1                              00000001
CVR2                              00000002
CVR3                              00000003
CVRCON                            0000009D
CVREN                             00000007
CVROE                             00000006
CVRR                              00000005
Contador                          00000026
D                                 00000005
DATA_ADDRESS                      00000005
DC                                00000001
D_A                               00000005
D_NOT_A                           00000005
EEADR                             0000010D
EEADRH                            0000010F
EECON1                            0000018C
EECON2                            0000018D
EEDATA                            0000010C
EEDATH                            0000010E
EEIE                              00000004
EEIF                              00000004
EEPGD                             00000007
Espera                            00000001
F                                 00000001
FERR                              00000002
FSR                               00000004
Factor1                           00000020
Factor2                           00000021
GCEN                              00000007
GIE                               00000007
GO                                00000002
GO_DONE                           00000002
GO_NOT_DONE                       00000002
I2C_DATA                          00000005
I2C_READ                          00000002
I2C_START                         00000003
I2C_STOP                          00000004
IBF                               00000007
IBOV                              00000005
MPASM  5.51                      PRODUCTO.ASM   9-26-2017  22:39:42         PAGE  5


SYMBOL TABLE
  LABEL                             VALUE 

INDF                              00000000
INTCON                            0000000B
INTE                              00000004
INTEDG                            00000006
INTF                              00000001
IRP                               00000007
NOT_A                             00000005
NOT_ADDRESS                       00000005
NOT_BO                            00000000
NOT_BOR                           00000000
NOT_DONE                          00000002
NOT_PD                            00000003
NOT_POR                           00000001
NOT_RBPU                          00000007
NOT_RC8                           00000006
NOT_T1SYNC                        00000002
NOT_TO                            00000004
NOT_TX8                           00000006
NOT_W                             00000002
NOT_WRITE                         00000002
OBF                               00000006
OERR                              00000001
OPTION_REG                        00000081
Otro_Bit                          00000130
P                                 00000004
PCFG0                             00000000
PCFG1                             00000001
PCFG2                             00000002
PCFG3                             00000003
PCL                               00000002
PCLATH                            0000000A
PCON                              0000008E
PEIE                              00000006
PEN                               00000002
PIE1                              0000008C
PIE2                              0000008D
PIR1                              0000000C
PIR2                              0000000D
PORTA                             00000005
PORTB                             00000006
PORTC                             00000007
PORTD                             00000008
PORTE                             00000009
PR2                               00000092
PS0                               00000000
PS1                               00000001
PS2                               00000002
PSA                               00000003
PSPIE                             00000007
PSPIF                             00000007
PSPMODE                           00000004
Producto                          00000120
R                                 00000002
MPASM  5.51                      PRODUCTO.ASM   9-26-2017  22:39:42         PAGE  6


SYMBOL TABLE
  LABEL                             VALUE 

RA0                               00000000
RA1                               00000001
RA2                               00000002
RA3                               00000003
RA4                               00000004
RA5                               00000005
RB0                               00000000
RB1                               00000001
RB2                               00000002
RB3                               00000003
RB4                               00000004
RB5                               00000005
RB6                               00000006
RB7                               00000007
RBIE                              00000003
RBIF                              00000000
RC0                               00000000
RC1                               00000001
RC2                               00000002
RC3                               00000003
RC4                               00000004
RC5                               00000005
RC6                               00000006
RC7                               00000007
RC8_9                             00000006
RC9                               00000006
RCD8                              00000000
RCEN                              00000003
RCIE                              00000005
RCIF                              00000005
RCREG                             0000001A
RCSTA                             00000018
RD                                00000000
RD0                               00000000
RD1                               00000001
RD2                               00000002
RD3                               00000003
RD4                               00000004
RD5                               00000005
RD6                               00000006
RD7                               00000007
RE0                               00000000
RE1                               00000001
RE2                               00000002
READ_WRITE                        00000002
RP0                               00000005
RP1                               00000006
RSEN                              00000001
RX9                               00000006
RX9D                              00000000
R_NOT_W                           00000002
R_W                               00000002
S                                 00000003
MPASM  5.51                      PRODUCTO.ASM   9-26-2017  22:39:42         PAGE  7


SYMBOL TABLE
  LABEL                             VALUE 

SEN                               00000000
SMP                               00000007
SPBRG                             00000099
SPEN                              00000007
SREN                              00000005
SSPADD                            00000093
SSPBUF                            00000013
SSPCON                            00000014
SSPCON2                           00000091
SSPEN                             00000005
SSPIE                             00000003
SSPIF                             00000003
SSPM0                             00000000
SSPM1                             00000001
SSPM2                             00000002
SSPM3                             00000003
SSPOV                             00000006
SSPSTAT                           00000094
STATUS                            00000003
SYNC                              00000004
SumaAlto                          00000022
SumaBajo                          00000023
T0CS                              00000005
T0IE                              00000005
T0IF                              00000002
T0SE                              00000004
T1CKPS0                           00000004
T1CKPS1                           00000005
T1CON                             00000010
T1INSYNC                          00000002
T1OSCEN                           00000003
T1SYNC                            00000002
T2CKPS0                           00000000
T2CKPS1                           00000001
T2CON                             00000012
TMR0                              00000001
TMR0IE                            00000005
TMR0IF                            00000002
TMR1                              0000000E
TMR1CS                            00000001
TMR1H                             0000000F
TMR1IE                            00000000
TMR1IF                            00000000
TMR1L                             0000000E
TMR1ON                            00000000
TMR2                              00000011
TMR2IE                            00000001
TMR2IF                            00000001
TMR2ON                            00000002
TOUTPS0                           00000003
TOUTPS1                           00000004
TOUTPS2                           00000005
TOUTPS3                           00000006
MPASM  5.51                      PRODUCTO.ASM   9-26-2017  22:39:42         PAGE  8


SYMBOL TABLE
  LABEL                             VALUE 

TRISA                             00000085
TRISA0                            00000000
TRISA1                            00000001
TRISA2                            00000002
TRISA3                            00000003
TRISA4                            00000004
TRISA5                            00000005
TRISB                             00000086
TRISB0                            00000000
TRISB1                            00000001
TRISB2                            00000002
TRISB3                            00000003
TRISB4                            00000004
TRISB5                            00000005
TRISB6                            00000006
TRISB7                            00000007
TRISC                             00000087
TRISC0                            00000000
TRISC1                            00000001
TRISC2                            00000002
TRISC3                            00000003
TRISC4                            00000004
TRISC5                            00000005
TRISC6                            00000006
TRISC7                            00000007
TRISD                             00000088
TRISD0                            00000000
TRISD1                            00000001
TRISD2                            00000002
TRISD3                            00000003
TRISD4                            00000004
TRISD5                            00000005
TRISD6                            00000006
TRISD7                            00000007
TRISE                             00000089
TRISE0                            00000000
TRISE1                            00000001
TRISE2                            00000002
TRMT                              00000001
TX8_9                             00000006
TX9                               00000006
TX9D                              00000000
TXD8                              00000000
TXEN                              00000005
TXIE                              00000004
TXIF                              00000004
TXREG                             00000019
TXSTA                             00000098
UA                                00000001
W                                 00000000
WCOL                              00000007
WR                                00000001
WREN                              00000002
MPASM  5.51                      PRODUCTO.ASM   9-26-2017  22:39:42         PAGE  9


SYMBOL TABLE
  LABEL                             VALUE 

WRERR                             00000003
Z                                 00000002
_BODEN_OFF                        00003FBF
_BODEN_ON                         00003FFF
_BOREN_OFF                        00003FBF
_BOREN_ON                         00003FFF
_CONFIG                           00002007
_CPD_OFF                          00003FFF
_CPD_ON                           00003EFF
_CP_ALL                           00001FFF
_CP_OFF                           00003FFF
_CP_ON                            00001FFF
_DEBUG_OFF                        00003FFF
_DEBUG_ON                         000037FF
_DEVID1                           00002006
_FOSC_EXTRC                       00003FFF
_FOSC_HS                          00003FFE
_FOSC_LP                          00003FFC
_FOSC_XT                          00003FFD
_HS_OSC                           00003FFE
_IDLOC0                           00002000
_IDLOC1                           00002001
_IDLOC2                           00002002
_IDLOC3                           00002003
_LP_OSC                           00003FFC
_LVP_OFF                          00003F7F
_LVP_ON                           00003FFF
_PWRTE_OFF                        00003FFF
_PWRTE_ON                         00003FF7
_RC_OSC                           00003FFF
_WDTE_OFF                         00003FFB
_WDTE_ON                          00003FFF
_WDT_OFF                          00003FFB
_WDT_ON                           00003FFF
_WRT_1FOURTH                      00003BFF
_WRT_256                          00003DFF
_WRT_HALF                         000039FF
_WRT_OFF                          00003FFF
_XT_OSC                           00003FFD
__16F877A                         00000001
__DEBUG                           1
MPASM  5.51                      PRODUCTO.ASM   9-26-2017  22:39:42         PAGE 10


MEMORY USAGE MAP ('X' = Used,  '-' = Unused)


0000 : XX-------------- ---------------- ---------------- ----------------
0100 : ---------------- ---------------- XXXXXXXXXXXXXXXX XXXXXXX---------

All other memory blocks unused.

Program Memory Words Used:    25
Program Memory Words Free:  8167


Errors   :     0
Warnings :     0 reported,     0 suppressed
Messages :     0 reported,     0 suppressed

